ANSI-C/cC++ Compiler for HC08 V-5.0.15, Apr 11 2002

    1:  /*
    2:  ** ###################################################################
    3:  **
    4:  **     Filename  : Events.C
    5:  **
    6:  **     Project   : vph1
    7:  ** 
    8:  **     Processor : MC68HC908GP32CFB
    9:  **
   10:  **     Beantype  : Events
   11:  **
   12:  **     Version   : Driver 01.00
   13:  **
   14:  **     Compiler  : Metrowerks HC08 C Compiler V-5.0.13
   15:  **
   16:  **     Date/Time : 4/17/jueves, 15:23
   17:  **
   18:  **     Abstract  :
   19:  **
   20:  **         This is user's event module.
   21:  **         Put your event handler code here.
   22:  **
   23:  **     Settings  :
   24:  **
   25:  **
   26:  **     Contents  :
   27:  **
   28:  **         Cpu_OnSwINT - void Cpu_OnSwINT(void);
   29:  **
   30:  **
   31:  **     (c) Copyright UNIS, spol. s r.o. 1997-2002
   32:  **
   33:  **     UNIS, spol. s r.o.
   34:  **     Jundrovska 33
   35:  **     624 00 Brno
   36:  **     Czech Republic
   37:  **
   38:  **     http      : www.processorexpert.com
   39:  **     mail      : info@processorexpert.com
   40:  **
   41:  ** ###################################################################
   42:  */
   43:  /* MODULE Events */
   44:  
   45:  #pragma MESSAGE DISABLE C1420 /* WARNING C1420: Result of function-call is ignored */
   46:  
   47:  /*Including used modules for compilling procedure*/
   48:  #include "Cpu.h"
   49:  #include "Events.h"
   50:  #include "TIMER.h"
   51:  #include "Terminal.h"
   52:  #include "IRQ.h"
   53:  
   54:  /*Include shared modules, which are used for whole project*/
   55:  #include "PE_Types.h"
   56:  #include "PE_Error.h"
   57:  #include "PE_Const.h"
   58:  #include "IO_Map.h"
   59:  #include "FX828.h"
   60:  #include "maincpp.h"
   61:  
   62:  unsigned char even_timer;
   63:  unsigned int even_timeout;
   64:  
   65:  /*
   66:  ** ===================================================================
   67:  **     Event       :  Cpu_OnSwINT (module Events)
   68:  **
   69:  **     From bean   :  Cpu [MC68HC908GP32_44]
   70:  **     Description :
   71:  **         This software event is called after software reset.
   72:  **     Parameters  : None
   73:  **     Returns     : Nothing
   74:  ** ===================================================================
   75:  */
   76:  void Cpu_OnSwINT(void)
   77:  {

Function: Cpu_OnSwINT
Source  : Z:\vph1\Calle\Code\Events.C
Options : -Cc -Env"GENPATH=Z:\vph1\Calle;Z:\vph1\Calle\bin;Z:\vph1\Calle\cmd;*Z:\vph1\Calle\Code;Z:\vph1\Calle\prm;D:\Archivos de programa\Metrowerks\CodeWarrior HC08_V2.0\lib\HC08c\LIB;D:\Archivos de programa\Metrowerks\CodeWarrior HC08_V2.0\lib\HC08c\src;*D:\Archivos de programa\Metrowerks\CodeWarrior HC08_V2.0\Bin\Plugins\support\ProcessorExpert;*Z:\vph1\Comun;D:\Archivos de programa\Metrowerks\CodeWarrior HC08_V2.0\lib\HC08c\INCLUDE" -Env"LIBPATH=D:\Archivos de programa\Metrowerks\CodeWarrior HC08_V2.0\lib\HC08c\INCLUDE" -EnvOBJPATH=Z:\vph1\Calle\bin -EnvTEXTPATH=Z:\vph1\Calle\bin -Lasm=%n.lst -ObjN=Z:\vph1\Calle\vph1_Data\P&E_PEDebug_FCS-ICS-ICD\ObjectCode\Events.C.o -WmsgSd1106 -WmsgSd1420

   78:    /* Write your code here ... */
   79:  }
  0000 81               RTS   
   80:  
   81:  /*
   82:  ** ===================================================================
   83:  **     Event       :  IRQ_OnInterrupt (module Events)
   84:  **
   85:  **     From bean   :  IRQ [ExtInt]
   86:  **     Description :
   87:  **         This event is called when the active signal edge/level
   88:  **         occurs.
   89:  **     Parameters  : None
   90:  **     Returns     : Nothing
   91:  ** ===================================================================
   92:  */
   93:  void IRQ_OnInterrupt(void)
   94:  {

Function: IRQ_OnInterrupt
Source  : Z:\vph1\Calle\Code\Events.C
Options : -Cc -Env"GENPATH=Z:\vph1\Calle;Z:\vph1\Calle\bin;Z:\vph1\Calle\cmd;*Z:\vph1\Calle\Code;Z:\vph1\Calle\prm;D:\Archivos de programa\Metrowerks\CodeWarrior HC08_V2.0\lib\HC08c\LIB;D:\Archivos de programa\Metrowerks\CodeWarrior HC08_V2.0\lib\HC08c\src;*D:\Archivos de programa\Metrowerks\CodeWarrior HC08_V2.0\Bin\Plugins\support\ProcessorExpert;*Z:\vph1\Comun;D:\Archivos de programa\Metrowerks\CodeWarrior HC08_V2.0\lib\HC08c\INCLUDE" -Env"LIBPATH=D:\Archivos de programa\Metrowerks\CodeWarrior HC08_V2.0\lib\HC08c\INCLUDE" -EnvOBJPATH=Z:\vph1\Calle\bin -EnvTEXTPATH=Z:\vph1\Calle\bin -Lasm=%n.lst -ObjN=Z:\vph1\Calle\vph1_Data\P&E_PEDebug_FCS-ICS-ICD\ObjectCode\Events.C.o -WmsgSd1106 -WmsgSd1420

   95:  	MainIRQ();
  0000 cc0000           JMP   MainIRQ
   96:  }
   97:  
   98:  
   99:  /*
  100:  ** ===================================================================
  101:  **     Event       :  TIMER_OnInterrupt (module Events)
  102:  **
  103:  **     From bean   :  TIMER [TimerInt]
  104:  **     Description :
  105:  **         When a timer interrupt occurs this event is called (only
  106:  **         when the bean is enabled - "Enable" and the events are
  107:  **         enabled - "EnableEvent").
  108:  **     Parameters  : None
  109:  **     Returns     : Nothing
  110:  ** ===================================================================
  111:  */
  112:  void TIMER_OnInterrupt(void)
  113:  {

Function: TIMER_OnInterrupt
Source  : Z:\vph1\Calle\Code\Events.C
Options : -Cc -Env"GENPATH=Z:\vph1\Calle;Z:\vph1\Calle\bin;Z:\vph1\Calle\cmd;*Z:\vph1\Calle\Code;Z:\vph1\Calle\prm;D:\Archivos de programa\Metrowerks\CodeWarrior HC08_V2.0\lib\HC08c\LIB;D:\Archivos de programa\Metrowerks\CodeWarrior HC08_V2.0\lib\HC08c\src;*D:\Archivos de programa\Metrowerks\CodeWarrior HC08_V2.0\Bin\Plugins\support\ProcessorExpert;*Z:\vph1\Comun;D:\Archivos de programa\Metrowerks\CodeWarrior HC08_V2.0\lib\HC08c\INCLUDE" -Env"LIBPATH=D:\Archivos de programa\Metrowerks\CodeWarrior HC08_V2.0\lib\HC08c\INCLUDE" -EnvOBJPATH=Z:\vph1\Calle\bin -EnvTEXTPATH=Z:\vph1\Calle\bin -Lasm=%n.lst -ObjN=Z:\vph1\Calle\vph1_Data\P&E_PEDebug_FCS-ICS-ICD\ObjectCode\Events.C.o -WmsgSd1106 -WmsgSd1420

  114:  	PTD_PTD4 = TRUE;
  0000 1800             BSET  4,_PTD
  115:  	PTD_PTD4 = FALSE;
  0002 1900             BCLR  4,_PTD
  116:  	even_timer = TRUE;
  0004 a601             LDA   #1
  0006 c70000           STA   even_timer
  117:  	even_timeout --;
  0009 450000           LDHX  @even_timeout
  000c 6d01             TST   1,X
  000e 2601             BNE   L11 ;abs = 0011
  0010 7a               DEC   ,X
  0011          L11:    
  0011 6a01             DEC   1,X
  118:  }
  0013 81               RTS   
  119:  
  120:  
  121:  /*
  122:  ** ===================================================================
  123:  **     Event       :  SPI_OnRxChar (module Events)
  124:  **
  125:  **     From bean   :  SPI [SynchroMaster]
  126:  **     Description :
  127:  **         This event is called after a correct character is
  128:  **         received.
  129:  **     Parameters  : None
  130:  **     Returns     : Nothing
  131:  ** ===================================================================
  132:  */
  133:  void SPI_OnRxChar(void)
  134:  {

Function: SPI_OnRxChar
Source  : Z:\vph1\Calle\Code\Events.C
Options : -Cc -Env"GENPATH=Z:\vph1\Calle;Z:\vph1\Calle\bin;Z:\vph1\Calle\cmd;*Z:\vph1\Calle\Code;Z:\vph1\Calle\prm;D:\Archivos de programa\Metrowerks\CodeWarrior HC08_V2.0\lib\HC08c\LIB;D:\Archivos de programa\Metrowerks\CodeWarrior HC08_V2.0\lib\HC08c\src;*D:\Archivos de programa\Metrowerks\CodeWarrior HC08_V2.0\Bin\Plugins\support\ProcessorExpert;*Z:\vph1\Comun;D:\Archivos de programa\Metrowerks\CodeWarrior HC08_V2.0\lib\HC08c\INCLUDE" -Env"LIBPATH=D:\Archivos de programa\Metrowerks\CodeWarrior HC08_V2.0\lib\HC08c\INCLUDE" -EnvOBJPATH=Z:\vph1\Calle\bin -EnvTEXTPATH=Z:\vph1\Calle\bin -Lasm=%n.lst -ObjN=Z:\vph1\Calle\vph1_Data\P&E_PEDebug_FCS-ICS-ICD\ObjectCode\Events.C.o -WmsgSd1106 -WmsgSd1420

  135:    /* Write your code here ... */
  136:  }
  0000 81               RTS   
  137:  
  138:  /*
  139:  ** ===================================================================
  140:  **     Event       :  SPI_OnTxChar (module Events)
  141:  **
  142:  **     From bean   :  SPI [SynchroMaster]
  143:  **     Description :
  144:  **         This event is called after a character is transmitted.
  145:  **     Parameters  : None
  146:  **     Returns     : Nothing
  147:  ** ===================================================================
  148:  */
  149:  void SPI_OnTxChar(void)
  150:  {

Function: SPI_OnTxChar
Source  : Z:\vph1\Calle\Code\Events.C
Options : -Cc -Env"GENPATH=Z:\vph1\Calle;Z:\vph1\Calle\bin;Z:\vph1\Calle\cmd;*Z:\vph1\Calle\Code;Z:\vph1\Calle\prm;D:\Archivos de programa\Metrowerks\CodeWarrior HC08_V2.0\lib\HC08c\LIB;D:\Archivos de programa\Metrowerks\CodeWarrior HC08_V2.0\lib\HC08c\src;*D:\Archivos de programa\Metrowerks\CodeWarrior HC08_V2.0\Bin\Plugins\support\ProcessorExpert;*Z:\vph1\Comun;D:\Archivos de programa\Metrowerks\CodeWarrior HC08_V2.0\lib\HC08c\INCLUDE" -Env"LIBPATH=D:\Archivos de programa\Metrowerks\CodeWarrior HC08_V2.0\lib\HC08c\INCLUDE" -EnvOBJPATH=Z:\vph1\Calle\bin -EnvTEXTPATH=Z:\vph1\Calle\bin -Lasm=%n.lst -ObjN=Z:\vph1\Calle\vph1_Data\P&E_PEDebug_FCS-ICS-ICD\ObjectCode\Events.C.o -WmsgSd1106 -WmsgSd1420

  151:    /* Write your code here ... */
  152:  }
  0000 81               RTS   
  153:  
  154:  /*
  155:  ** ===================================================================
  156:  **     Event       :  SPI_OnError (module Events)
  157:  **
  158:  **     From bean   :  SPI [SynchroMaster]
  159:  **     Description :
  160:  **         This event is called when a channel error (not the error
  161:  **         returned by a given method) occurs. The errors can be
  162:  **         read using GetError method.
  163:  **     Parameters  : None
  164:  **     Returns     : Nothing
  165:  ** ===================================================================
  166:  */
  167:  void SPI_OnError(void)
  168:  {

Function: SPI_OnError
Source  : Z:\vph1\Calle\Code\Events.C
Options : -Cc -Env"GENPATH=Z:\vph1\Calle;Z:\vph1\Calle\bin;Z:\vph1\Calle\cmd;*Z:\vph1\Calle\Code;Z:\vph1\Calle\prm;D:\Archivos de programa\Metrowerks\CodeWarrior HC08_V2.0\lib\HC08c\LIB;D:\Archivos de programa\Metrowerks\CodeWarrior HC08_V2.0\lib\HC08c\src;*D:\Archivos de programa\Metrowerks\CodeWarrior HC08_V2.0\Bin\Plugins\support\ProcessorExpert;*Z:\vph1\Comun;D:\Archivos de programa\Metrowerks\CodeWarrior HC08_V2.0\lib\HC08c\INCLUDE" -Env"LIBPATH=D:\Archivos de programa\Metrowerks\CodeWarrior HC08_V2.0\lib\HC08c\INCLUDE" -EnvOBJPATH=Z:\vph1\Calle\bin -EnvTEXTPATH=Z:\vph1\Calle\bin -Lasm=%n.lst -ObjN=Z:\vph1\Calle\vph1_Data\P&E_PEDebug_FCS-ICS-ICD\ObjectCode\Events.C.o -WmsgSd1106 -WmsgSd1420

  169:    /* Write your code here ... */
  170:  }
  0000 81               RTS   
  171:  
  172:  /* END Events */
  173:  
  174:  /*
  175:  ** ###################################################################
  176:  **
  177:  **     This file was created by UNIS Processor Expert 02.89 for 
  178:  **     the Motorola HC08 series of microcontrollers.
  179:  **
  180:  ** ###################################################################
  181:  */
  182:  
