ANSI-C/cC++ Compiler for HC08 V-5.0.15, Apr 11 2002

    1:  /*
    2:  ** ###################################################################
    3:  **
    4:  **     THIS BEAN MODULE IS GENERATED BY THE TOOL. DO NOT MODIFY IT.
    5:  **
    6:  **     Filename  : Cpu.C
    7:  **
    8:  **     Project   : vph1
    9:  ** 
   10:  **     Processor : MC68HC908GP32CFB
   11:  **
   12:  **     Beantype  : MC68HC908GP32_44
   13:  **
   14:  **     Version   : Bean 01.062, Driver 01.06, CPU db: 2.87.041
   15:  **
   16:  **     Compiler  : Metrowerks HC08 C Compiler V-5.0.13
   17:  **
   18:  **     Date/Time : 05/02/2007, 19:44
   19:  **
   20:  **     Abstract  :
   21:  **
   22:  **         This bean "MC68HC908GP32_44" implements properties, methods,
   23:  **         and events of the CPU.
   24:  **
   25:  **     Settings  :
   26:  **
   27:  **         Clock setting
   28:  **             External clock      : 0.032768 MHz
   29:  **             CPU mode selection  : User mode
   30:  **             Initialization interrupt priority : 0
   31:  **             LVI module          : no
   32:  **
   33:  **         Speed modes
   34:  **             High speed clock    : Main clock frequency / 1
   35:  **             Internal bus clock  : 2.4576 MHz
   36:  **             Low speed mode      : Disabled
   37:  **             Slow speed mode     : Disabled
   38:  **
   39:  **     Contents  :
   40:  **
   41:  **         GetSpeedMode - byte Cpu_GetSpeedMode(void);
   42:  **         EnableInt    - void Cpu_EnableInt(void);
   43:  **         DisableInt   - void Cpu_DisableInt(void);
   44:  **
   45:  **
   46:  **     (c) Copyright UNIS, spol. s r.o. 1997-2002
   47:  **
   48:  **     UNIS, spol. s r.o.
   49:  **     Jundrovska 33
   50:  **     624 00 Brno
   51:  **     Czech Republic
   52:  **
   53:  **     http      : www.processorexpert.com
   54:  **     mail      : info@processorexpert.com
   55:  **
   56:  ** ###################################################################
   57:  */
   58:  
   59:  /* MODULE Cpu. */
   60:  #include "Teclado.h"
   61:  #include "Terminal.h"
   62:  #include "IRQ.h"
   63:  #include "TIMER.h"
   64:  #include "PE_Types.h"
   65:  #include "PE_Error.h"
   66:  #include "PE_Const.h"
   67:  #include "IO_Map.h"
   68:  #include "Events.h"
   69:  #include "Cpu.h"
   70:  
   71:    #define CGM_DELAY  255
   72:  
   73:  
   74:  /* Global variables */
   75:  byte CCR_reg;                          /* Current CCR register */
   76:  byte CpuMode = HIGH_SPEED;             /* Current speed mode */
   77:  
   78:  
   79:  /*
   80:  ** ===================================================================
   81:  **     Method      :  Cpu_Interrupt (bean MC68HC908GP32_44)
   82:  **
   83:  **     Description :
   84:  **         This method is internal. It is used by Processor Expert
   85:  **         only.
   86:  ** ===================================================================
   87:  */
   88:  __interrupt void Cpu_Interrupt(void)
   89:  {

Function: Cpu_Interrupt
Source  : Z:\vph1\Personalizado\pedido 010\v3\casa\Code\Cpu.C
Options : -Cc -Env"GENPATH=Z:\vph1\Personalizado\pedido 010\v3\casa;Z:\vph1\Personalizado\pedido 010\v3\casa\bin;Z:\vph1\Personalizado\pedido 010\v3\casa\cmd;*Z:\vph1\Personalizado\pedido 010\v3\casa\Code;Z:\vph1\Personalizado\pedido 010\v3\casa\prm;D:\Archivos de programa\Metrowerks\CodeWarrior HC08_V2.0\lib\HC08c\LIB;D:\Archivos de programa\Metrowerks\CodeWarrior HC08_V2.0\lib\HC08c\src;*D:\Archivos de programa\Metrowerks\CodeWarrior HC08_V2.0\Bin\Plugins\support\ProcessorExpert;*Z:\vph1\Personalizado\pedido 010\v3\Comun;*Z:\vph1\Personalizado\pedido 010\v3;D:\Archivos de programa\Metrowerks\CodeWarrior HC08_V2.0\lib\HC08c\INCLUDE" -Env"LIBPATH=D:\Archivos de programa\Metrowerks\CodeWarrior HC08_V2.0\lib\HC08c\INCLUDE" -Env"OBJPATH=Z:\vph1\Personalizado\pedido 010\v3\casa\bin" -Env"TEXTPATH=Z:\vph1\Personalizado\pedido 010\v3\casa\bin" -Lasm=%n.lst -ObjN="Z:\vph1\Personalizado\pedido 010\v3\casa\vph1_Data\P&E_PEDebug_FCS-ICS-ICD\ObjectCode\Cpu.C.o" -Qvtpfar -WmsgSd1106

   90:  }
  0000 80               RTI   
   91:  
   92:  /*
   93:  ** ===================================================================
   94:  **     Method      :  Cpu_SWIInterrupt (bean MC68HC908GP32_44)
   95:  **
   96:  **     Description :
   97:  **         This method is internal. It is used by Processor Expert
   98:  **         only.
   99:  ** ===================================================================
  100:  */
  101:  __interrupt void Cpu_SWIInterrupt(void)
  102:  {

Function: Cpu_SWIInterrupt
Source  : Z:\vph1\Personalizado\pedido 010\v3\casa\Code\Cpu.C
Options : -Cc -Env"GENPATH=Z:\vph1\Personalizado\pedido 010\v3\casa;Z:\vph1\Personalizado\pedido 010\v3\casa\bin;Z:\vph1\Personalizado\pedido 010\v3\casa\cmd;*Z:\vph1\Personalizado\pedido 010\v3\casa\Code;Z:\vph1\Personalizado\pedido 010\v3\casa\prm;D:\Archivos de programa\Metrowerks\CodeWarrior HC08_V2.0\lib\HC08c\LIB;D:\Archivos de programa\Metrowerks\CodeWarrior HC08_V2.0\lib\HC08c\src;*D:\Archivos de programa\Metrowerks\CodeWarrior HC08_V2.0\Bin\Plugins\support\ProcessorExpert;*Z:\vph1\Personalizado\pedido 010\v3\Comun;*Z:\vph1\Personalizado\pedido 010\v3;D:\Archivos de programa\Metrowerks\CodeWarrior HC08_V2.0\lib\HC08c\INCLUDE" -Env"LIBPATH=D:\Archivos de programa\Metrowerks\CodeWarrior HC08_V2.0\lib\HC08c\INCLUDE" -Env"OBJPATH=Z:\vph1\Personalizado\pedido 010\v3\casa\bin" -Env"TEXTPATH=Z:\vph1\Personalizado\pedido 010\v3\casa\bin" -Lasm=%n.lst -ObjN="Z:\vph1\Personalizado\pedido 010\v3\casa\vph1_Data\P&E_PEDebug_FCS-ICS-ICD\ObjectCode\Cpu.C.o" -Qvtpfar -WmsgSd1106

  0000 8b               PSHH  
  103:    Cpu_OnSwINT();                       /* Invoke user event */
  0001 cd0000           JSR   Cpu_OnSwINT
  104:  }
  0004 8a               PULH  
  0005 80               RTI   
  105:  
  106:  /*
  107:  ** ===================================================================
  108:  **     Method      :  Cpu_DisableInt (bean MC68HC908GP32_44)
  109:  **
  110:  **     Description :
  111:  **         Disable maskable interrupts
  112:  **     Parameters  : None
  113:  **     Returns     : Nothing
  114:  ** ===================================================================
  115:  */
  116:  /*
  117:  void Cpu_DisableInt(void)
  118:  
  119:  **      This method is implemented as macro in the header module. **
  120:  */
  121:  
  122:  /*
  123:  ** ===================================================================
  124:  **     Method      :  Cpu_EnableInt (bean MC68HC908GP32_44)
  125:  **
  126:  **     Description :
  127:  **         Enable maskable interrupts
  128:  **     Parameters  : None
  129:  **     Returns     : Nothing
  130:  ** ===================================================================
  131:  */
  132:  /*
  133:  void Cpu_EnableInt(void)
  134:  
  135:  **      This method is implemented as macro in the header module. **
  136:  */
  137:  
  138:  /*
  139:  ** ===================================================================
  140:  **     Method      :  Cpu_GetSpeedMode (bean MC68HC908GP32_44)
  141:  **
  142:  **     Description :
  143:  **         Get current speed mode
  144:  **     Parameters  : None
  145:  **     Returns     :
  146:  **         ---             - Speed mode (HIGH_SPEED, LOW_SPEED,
  147:  **                           SLOW_SPEED)
  148:  ** ===================================================================
  149:  */
  150:  byte Cpu_GetSpeedMode(void)
  151:  {

Function: Cpu_GetSpeedMode
Source  : Z:\vph1\Personalizado\pedido 010\v3\casa\Code\Cpu.C
Options : -Cc -Env"GENPATH=Z:\vph1\Personalizado\pedido 010\v3\casa;Z:\vph1\Personalizado\pedido 010\v3\casa\bin;Z:\vph1\Personalizado\pedido 010\v3\casa\cmd;*Z:\vph1\Personalizado\pedido 010\v3\casa\Code;Z:\vph1\Personalizado\pedido 010\v3\casa\prm;D:\Archivos de programa\Metrowerks\CodeWarrior HC08_V2.0\lib\HC08c\LIB;D:\Archivos de programa\Metrowerks\CodeWarrior HC08_V2.0\lib\HC08c\src;*D:\Archivos de programa\Metrowerks\CodeWarrior HC08_V2.0\Bin\Plugins\support\ProcessorExpert;*Z:\vph1\Personalizado\pedido 010\v3\Comun;*Z:\vph1\Personalizado\pedido 010\v3;D:\Archivos de programa\Metrowerks\CodeWarrior HC08_V2.0\lib\HC08c\INCLUDE" -Env"LIBPATH=D:\Archivos de programa\Metrowerks\CodeWarrior HC08_V2.0\lib\HC08c\INCLUDE" -Env"OBJPATH=Z:\vph1\Personalizado\pedido 010\v3\casa\bin" -Env"TEXTPATH=Z:\vph1\Personalizado\pedido 010\v3\casa\bin" -Lasm=%n.lst -ObjN="Z:\vph1\Personalizado\pedido 010\v3\casa\vph1_Data\P&E_PEDebug_FCS-ICS-ICD\ObjectCode\Cpu.C.o" -Qvtpfar -WmsgSd1106

  152:    return CpuMode;                      /* Result the actual cpu mode */
  0000 c60000           LDA   CpuMode
  153:  }
  0003 81               RTS   
  154:  
  155:  /*
  156:  ** ===================================================================
  157:  **         There is beginning of initialization code for CPU 
  158:  **         and embedded beans.
  159:  ** ===================================================================
  160:  */
  161:  void __low_level_init(void)
  162:  {

Function: __low_level_init
Source  : Z:\vph1\Personalizado\pedido 010\v3\casa\Code\Cpu.C
Options : -Cc -Env"GENPATH=Z:\vph1\Personalizado\pedido 010\v3\casa;Z:\vph1\Personalizado\pedido 010\v3\casa\bin;Z:\vph1\Personalizado\pedido 010\v3\casa\cmd;*Z:\vph1\Personalizado\pedido 010\v3\casa\Code;Z:\vph1\Personalizado\pedido 010\v3\casa\prm;D:\Archivos de programa\Metrowerks\CodeWarrior HC08_V2.0\lib\HC08c\LIB;D:\Archivos de programa\Metrowerks\CodeWarrior HC08_V2.0\lib\HC08c\src;*D:\Archivos de programa\Metrowerks\CodeWarrior HC08_V2.0\Bin\Plugins\support\ProcessorExpert;*Z:\vph1\Personalizado\pedido 010\v3\Comun;*Z:\vph1\Personalizado\pedido 010\v3;D:\Archivos de programa\Metrowerks\CodeWarrior HC08_V2.0\lib\HC08c\INCLUDE" -Env"LIBPATH=D:\Archivos de programa\Metrowerks\CodeWarrior HC08_V2.0\lib\HC08c\INCLUDE" -Env"OBJPATH=Z:\vph1\Personalizado\pedido 010\v3\casa\bin" -Env"TEXTPATH=Z:\vph1\Personalizado\pedido 010\v3\casa\bin" -Lasm=%n.lst -ObjN="Z:\vph1\Personalizado\pedido 010\v3\casa\vph1_Data\P&E_PEDebug_FCS-ICS-ICD\ObjectCode\Cpu.C.o" -Qvtpfar -WmsgSd1106

  163:    /* Common initialization of the CPU registers */
  164:    output( PTAPUE, input( PTAPUE ) & ~63 );
  0000 b600             LDA   _PTAPUE
  0002 a4c0             AND   #-64
  0004 b700             STA   _PTAPUE
  165:    output( DDRA, input( DDRA ) & ~63 );
  0006 b600             LDA   _DDRA
  0008 a4c0             AND   #-64
  000a b700             STA   _DDRA
  166:    /* ### MC68HC908GP32_44 "Cpu" init code ... */
  167:    CONFIG1 = 17;                        /* Set the CONFIG1 register */
  000c 6e1100           MOV   #17,_CONFIG1
  168:    CONFIG2 = 1;                         /* Set the CONFIG2 register */
  000f 6e0100           MOV   #1,_CONFIG2
  169:    PCTL_BCS = 0;                        /* Select clock source from XTAL */
  0012 1900             BCLR  4,_PCTL
  170:    PCTL_PLLON = 0;                      /* Disable the PLL */
  0014 1b00             BCLR  5,_PCTL
  171:    PMS = 300;                           /* Set the multiplier */
  0016 45012c           LDHX  #300
  0019 3500             STHX  _PMS
  172:    PMRS = 128;                          /* Set the range select */
  001b 6e8000           MOV   #-128,_PMRS
  173:    PCTL = 0;
  001e 3f00             CLR   _PCTL
  174:    PCTL_VPR = 1;
  0020 b600             LDA   _PCTL
  0022 a4fc             AND   #-4
  0024 aa01             ORA   #1
  0026 b700             STA   _PCTL
  175:    PBWC = 128;                          /* Select the operating modes */
  0028 6e8000           MOV   #-128,_PBWC
  176:    PCTL_PLLON = 1;                      /* Enable the PLL */
  002b 1a00             BSET  5,_PCTL
  002d          L2D:    
  177:    while(!PBWC_LOCK);                   /* Wait */
  002d 0d00fd           BRCLR 6,_PBWC,L2D ;abs = 002d
  178:    PCTL_BCS = 1;                        /* Select clock source from PLL */
  0030 1800             BSET  4,_PCTL
  179:    __asm("nop");
  0032 9d               NOP   
  180:    __asm("nop");
  0033 9d               NOP   
  181:    /* ### Asynchro serial "Terminal" init code ... */
  182:    PTE |= 1;
  0034 1000             BSET  0,_PTE
  183:    DDRE |= 1;
  0036 1000             BSET  0,_DDRE
  184:    Terminal_Init();
  0038 cd0000           JSR   Terminal_Init
  185:    /* ### External interrupt "IRQ" init code ... */
  186:    INTSCR_MODE = 1;
  003b 1000             BSET  0,_INTSCR
  187:    INTSCR_IMASK = 1;
  003d 1200             BSET  1,_INTSCR
  188:    INTSCR_ACK = 1;
  003f 1400             BSET  2,_INTSCR
  189:    INTSCR_IMASK = 0;
  0041 1300             BCLR  1,_INTSCR
  190:    /* ### TimerInt "TIMER" init code ... */
  191:    TIMER_Init();
  0043 cd0000           JSR   TIMER_Init
  192:    __DI();                              /* Disable interrupts */
  0046 9b               SEI   
  193:  }
  0047 81               RTS   
  194:  
  195:  /* END Cpu. */
  196:  
  197:  /*
  198:  ** ###################################################################
  199:  **
  200:  **     This file was created by UNIS Processor Expert 02.89 for 
  201:  **     the Motorola HC08 series of microcontrollers.
  202:  **
  203:  ** ###################################################################
  204:  */
  205:  
