ANSI-C/cC++ Compiler for HC08 V-5.0.17, Apr 22 2003

    1:  /*
    2:  ** ###################################################################
    3:  **
    4:  **     THIS BEAN MODULE IS GENERATED BY THE TOOL. DO NOT MODIFY IT.
    5:  **
    6:  **     Filename  : Cpu.C
    7:  **
    8:  **     Project   : vph1
    9:  ** 
   10:  **     Processor : MC68HC908GP32CFB
   11:  **
   12:  **     Beantype  : MC68HC908GP32_44
   13:  **
   14:  **     Version   : Bean 01.065, Driver 01.17.04, CPU db: 2.89.000
   15:  **
   16:  **     Compiler  : Metrowerks HC08 C Compiler
   17:  **
   18:  **     Date/Time : 20/02/2006, 13:59
   19:  **
   20:  **     Abstract  :
   21:  **
   22:  **         This bean "MC68HC908GP32_44" implements properties, methods,
   23:  **         and events of the CPU.
   24:  **
   25:  **     Settings  :
   26:  **
   27:  **         Clock setting
   28:  **             External clock      : 0.032768 MHz
   29:  **             CPU mode selection  : User mode
   30:  **             Initialization interrupt priority : 0
   31:  **             LVI module          : no
   32:  **
   33:  **         Speed modes
   34:  **             High speed clock    : Main clock frequency / 1
   35:  **             Internal bus clock  : 2.4576 MHz
   36:  **             Low speed mode      : Disabled
   37:  **             Slow speed mode     : Disabled
   38:  **
   39:  **     Contents  :
   40:  **
   41:  **         GetSpeedMode - byte Cpu_GetSpeedMode(void);
   42:  **         EnableInt    - void Cpu_EnableInt(void);
   43:  **         DisableInt   - void Cpu_DisableInt(void);
   44:  **
   45:  **
   46:  **     (c) Copyright UNIS, spol. s r.o. 1997-2002
   47:  **
   48:  **     UNIS, spol. s r.o.
   49:  **     Jundrovska 33
   50:  **     624 00 Brno
   51:  **     Czech Republic
   52:  **
   53:  **     http      : www.processorexpert.com
   54:  **     mail      : info@processorexpert.com
   55:  **
   56:  ** ###################################################################
   57:  */
   58:  
   59:  /* MODULE Cpu. */
   60:  
   61:  #include "Terminal.h"
   62:  #include "IRQ.h"
   63:  #include "TIMER.h"
   64:  #include "APERTURA.h"
   65:  #include "PE_Types.h"
   66:  #include "PE_Error.h"
   67:  #include "PE_Const.h"
   68:  #include "IO_Map.h"
   69:  #include "Events.h"
   70:  #include "Cpu.h"
   71:  
   72:  #define CGM_DELAY  255
   73:  
   74:  
   75:  /* Global variables */
   76:  volatile byte CCR_reg;                 /* Current CCR register */
   77:  byte CpuMode = HIGH_SPEED;             /* Current speed mode */
   78:  
   79:  /*Definition of global shadow variables*/
   80:  byte Shadow_PTC;
   81:  
   82:  
   83:  /*
   84:  ** ===================================================================
   85:  **     Method      :  Cpu_Interrupt (bean MC68HC908GP32_44)
   86:  **
   87:  **     Description :
   88:  **         This method is internal. It is used by Processor Expert
   89:  **         only.
   90:  ** ===================================================================
   91:  */
   92:  __interrupt void Cpu_Interrupt(void)
   93:  {

Function: Cpu_Interrupt
Source  : Z:\vph1\maestro\v6\casa\Code\Cpu.C
Options : -Cc -Env"GENPATH=Z:\vph1\maestro\v6\casa;Z:\vph1\maestro\v6\casa\bin;Z:\vph1\maestro\v6\casa\cmd;*Z:\vph1\maestro\v6\casa\Code;Z:\vph1\maestro\v6\casa\prm;D:\Archivos de programa\Metrowerks\CodeWarrior CW08_V3.0\lib\HC08c\LIB;D:\Archivos de programa\Metrowerks\CodeWarrior CW08_V3.0\lib\HC08c\src;*D:\Archivos de programa\Metrowerks\CodeWarrior CW08_V3.0\Bin\Plugins\support\ProcessorExpert;*Z:\vph1\maestro\v6\Comun;*Z:\vph1\maestro\v6;Z:\vph1\maestro\v6\casa\doc;D:\Archivos de programa\Metrowerks\CodeWarrior CW08_V3.0\lib\hc08c\include;D:\Archivos de programa\Metrowerks\CodeWarrior CW08_V3.0\Bin\Plugins\support\ProcessorExpert\PESL\HC08;D:\Archivos de programa\Metrowerks\CodeWarrior CW08_V3.0\lib\HC08c\INCLUDE" -Env"LIBPATH=D:\Archivos de programa\Metrowerks\CodeWarrior CW08_V3.0\lib\HC08c\INCLUDE" -EnvOBJPATH=Z:\vph1\maestro\v6\casa\bin -EnvTEXTPATH=Z:\vph1\maestro\v6\casa\bin -Lasm=%n.lst -ObjN=Z:\vph1\maestro\v6\casa\vph1_Data\P&E_PEDebug_FCS-ICS-ICD\ObjectCode\Cpu.C.o -Qvtpfar -WmsgSd1106

   94:  }
  0000 80               RTI   
   95:  
   96:  /*
   97:  ** ===================================================================
   98:  **     Method      :  Cpu_SWIInterrupt (bean MC68HC908GP32_44)
   99:  **
  100:  **     Description :
  101:  **         This method is internal. It is used by Processor Expert
  102:  **         only.
  103:  ** ===================================================================
  104:  */
  105:  __interrupt void Cpu_SWIInterrupt(void)
  106:  {

Function: Cpu_SWIInterrupt
Source  : Z:\vph1\maestro\v6\casa\Code\Cpu.C
Options : -Cc -Env"GENPATH=Z:\vph1\maestro\v6\casa;Z:\vph1\maestro\v6\casa\bin;Z:\vph1\maestro\v6\casa\cmd;*Z:\vph1\maestro\v6\casa\Code;Z:\vph1\maestro\v6\casa\prm;D:\Archivos de programa\Metrowerks\CodeWarrior CW08_V3.0\lib\HC08c\LIB;D:\Archivos de programa\Metrowerks\CodeWarrior CW08_V3.0\lib\HC08c\src;*D:\Archivos de programa\Metrowerks\CodeWarrior CW08_V3.0\Bin\Plugins\support\ProcessorExpert;*Z:\vph1\maestro\v6\Comun;*Z:\vph1\maestro\v6;Z:\vph1\maestro\v6\casa\doc;D:\Archivos de programa\Metrowerks\CodeWarrior CW08_V3.0\lib\hc08c\include;D:\Archivos de programa\Metrowerks\CodeWarrior CW08_V3.0\Bin\Plugins\support\ProcessorExpert\PESL\HC08;D:\Archivos de programa\Metrowerks\CodeWarrior CW08_V3.0\lib\HC08c\INCLUDE" -Env"LIBPATH=D:\Archivos de programa\Metrowerks\CodeWarrior CW08_V3.0\lib\HC08c\INCLUDE" -EnvOBJPATH=Z:\vph1\maestro\v6\casa\bin -EnvTEXTPATH=Z:\vph1\maestro\v6\casa\bin -Lasm=%n.lst -ObjN=Z:\vph1\maestro\v6\casa\vph1_Data\P&E_PEDebug_FCS-ICS-ICD\ObjectCode\Cpu.C.o -Qvtpfar -WmsgSd1106

  0000 8b               PSHH  
  107:    Cpu_OnSwINT();                       /* Invoke user event */
  0001 cd0000           JSR   Cpu_OnSwINT
  108:  }
  0004 8a               PULH  
  0005 80               RTI   
  109:  
  110:  /*
  111:  ** ===================================================================
  112:  **     Method      :  Cpu_DisableInt (bean MC68HC908GP32_44)
  113:  **
  114:  **     Description :
  115:  **         Disable maskable interrupts
  116:  **     Parameters  : None
  117:  **     Returns     : Nothing
  118:  ** ===================================================================
  119:  */
  120:  /*
  121:  void Cpu_DisableInt(void)
  122:  
  123:  **      This method is implemented as macro in the header module. **
  124:  */
  125:  
  126:  /*
  127:  ** ===================================================================
  128:  **     Method      :  Cpu_EnableInt (bean MC68HC908GP32_44)
  129:  **
  130:  **     Description :
  131:  **         Enable maskable interrupts
  132:  **     Parameters  : None
  133:  **     Returns     : Nothing
  134:  ** ===================================================================
  135:  */
  136:  /*
  137:  void Cpu_EnableInt(void)
  138:  
  139:  **      This method is implemented as macro in the header module. **
  140:  */
  141:  
  142:  /*
  143:  ** ===================================================================
  144:  **     Method      :  Cpu_GetSpeedMode (bean MC68HC908GP32_44)
  145:  **
  146:  **     Description :
  147:  **         Get current speed mode
  148:  **     Parameters  : None
  149:  **     Returns     :
  150:  **         ---             - Speed mode (HIGH_SPEED, LOW_SPEED,
  151:  **                           SLOW_SPEED)
  152:  ** ===================================================================
  153:  */
  154:  byte Cpu_GetSpeedMode(void)
  155:  {

Function: Cpu_GetSpeedMode
Source  : Z:\vph1\maestro\v6\casa\Code\Cpu.C
Options : -Cc -Env"GENPATH=Z:\vph1\maestro\v6\casa;Z:\vph1\maestro\v6\casa\bin;Z:\vph1\maestro\v6\casa\cmd;*Z:\vph1\maestro\v6\casa\Code;Z:\vph1\maestro\v6\casa\prm;D:\Archivos de programa\Metrowerks\CodeWarrior CW08_V3.0\lib\HC08c\LIB;D:\Archivos de programa\Metrowerks\CodeWarrior CW08_V3.0\lib\HC08c\src;*D:\Archivos de programa\Metrowerks\CodeWarrior CW08_V3.0\Bin\Plugins\support\ProcessorExpert;*Z:\vph1\maestro\v6\Comun;*Z:\vph1\maestro\v6;Z:\vph1\maestro\v6\casa\doc;D:\Archivos de programa\Metrowerks\CodeWarrior CW08_V3.0\lib\hc08c\include;D:\Archivos de programa\Metrowerks\CodeWarrior CW08_V3.0\Bin\Plugins\support\ProcessorExpert\PESL\HC08;D:\Archivos de programa\Metrowerks\CodeWarrior CW08_V3.0\lib\HC08c\INCLUDE" -Env"LIBPATH=D:\Archivos de programa\Metrowerks\CodeWarrior CW08_V3.0\lib\HC08c\INCLUDE" -EnvOBJPATH=Z:\vph1\maestro\v6\casa\bin -EnvTEXTPATH=Z:\vph1\maestro\v6\casa\bin -Lasm=%n.lst -ObjN=Z:\vph1\maestro\v6\casa\vph1_Data\P&E_PEDebug_FCS-ICS-ICD\ObjectCode\Cpu.C.o -Qvtpfar -WmsgSd1106

  156:    return CpuMode;                      /* Result the actual cpu mode */
  0000 c60000           LDA   CpuMode
  157:  }
  0003 81               RTS   
  158:  
  159:  
  160:  
  161:  /*
  162:  ** ===================================================================
  163:  **     Method      :  _EntryPoint (bean MC68HC908GP32_44)
  164:  **
  165:  **     Description :
  166:  **         This method is internal. It is used by Processor Expert
  167:  **         only.
  168:  ** ===================================================================
  169:  */
  170:  extern void _Startup(void);            /* Forward declaration of external startup function declared in file Start12.c */
  171:  #pragma NO_FRAME
  172:  #pragma NO_EXIT
  173:  void _EntryPoint(void)
  174:  {

Function: _EntryPoint
Source  : Z:\vph1\maestro\v6\casa\Code\Cpu.C
Options : -Cc -Env"GENPATH=Z:\vph1\maestro\v6\casa;Z:\vph1\maestro\v6\casa\bin;Z:\vph1\maestro\v6\casa\cmd;*Z:\vph1\maestro\v6\casa\Code;Z:\vph1\maestro\v6\casa\prm;D:\Archivos de programa\Metrowerks\CodeWarrior CW08_V3.0\lib\HC08c\LIB;D:\Archivos de programa\Metrowerks\CodeWarrior CW08_V3.0\lib\HC08c\src;*D:\Archivos de programa\Metrowerks\CodeWarrior CW08_V3.0\Bin\Plugins\support\ProcessorExpert;*Z:\vph1\maestro\v6\Comun;*Z:\vph1\maestro\v6;Z:\vph1\maestro\v6\casa\doc;D:\Archivos de programa\Metrowerks\CodeWarrior CW08_V3.0\lib\hc08c\include;D:\Archivos de programa\Metrowerks\CodeWarrior CW08_V3.0\Bin\Plugins\support\ProcessorExpert\PESL\HC08;D:\Archivos de programa\Metrowerks\CodeWarrior CW08_V3.0\lib\HC08c\INCLUDE" -Env"LIBPATH=D:\Archivos de programa\Metrowerks\CodeWarrior CW08_V3.0\lib\HC08c\INCLUDE" -EnvOBJPATH=Z:\vph1\maestro\v6\casa\bin -EnvTEXTPATH=Z:\vph1\maestro\v6\casa\bin -Lasm=%n.lst -ObjN=Z:\vph1\maestro\v6\casa\vph1_Data\P&E_PEDebug_FCS-ICS-ICD\ObjectCode\Cpu.C.o -Qvtpfar -WmsgSd1106

  175:    /*** ### MC68HC908GP32_44 "Cpu" init code ... ***/
  176:    /*** PE initialization code after reset ***/
  177:    /* System clock initialization */
  178:    /* CONFIG1: COPRS=0,LVISTOP=0,LVIRSTD=0,LVIPWRD=1,LVI5OR3=0,SSREC=0,STOP=0,COPD=1 */
  179:    CONFIG1 = 17;                        /* Set the CONFIG1 register */
  0000 6e1100           MOV   #17,_CONFIG1
  180:    /* CONFIG2: ??=0,??=0,??=0,??=0,??=0,??=0,OSCSTOPENB=0,SCIBDSRC=1 */
  181:    CONFIG2 = 1;                         /* Set the CONFIG2 register */
  0003 6e0100           MOV   #1,_CONFIG2
  182:    PCTL_BCS = 0;                        /* Select clock source from XTAL */
  0006 1900             BCLR  4,_PCTL
  183:    PCTL_PLLON = 0;                      /* Disable the PLL */
  0008 1b00             BCLR  5,_PCTL
  184:    PMS = 300;                           /* Set the multiplier */
  000a 45012c           LDHX  #300
  000d 3500             STHX  _PMS
  185:    PMRS = 128;                          /* Set the range select */
  000f 6e8000           MOV   #-128,_PMRS
  186:    PCTL = 0;
  0012 3f00             CLR   _PCTL
  187:    PCTL_VPR = 1;
  0014 b600             LDA   _PCTL
  0016 a4fc             AND   #-4
  0018 aa01             ORA   #1
  001a b700             STA   _PCTL
  188:    PBWC = 128;                          /* Select the operating modes */
  001c 6e8000           MOV   #-128,_PBWC
  189:    PCTL_PLLON = 1;                      /* Enable the PLL */
  001f 1a00             BSET  5,_PCTL
  0021          L21:    
  190:    while(!PBWC_LOCK);                   /* Wait */
  0021 0d00fd           BRCLR 6,_PBWC,L21 ;abs = 0021
  191:    PCTL_BCS = 1;                        /* Select clock source from PLL */
  0024 1800             BSET  4,_PCTL
  192:    __asm("nop");
  0026 9d               NOP   
  193:    __asm("nop");
  0027 9d               NOP   
  194:    /*** End of PE initialization code after reset ***/
  195:  
  196:    __asm   jmp _Startup ;               /* Jump to C startup code */
  0028 cc0000           JMP   _Startup
  197:  
  198:  }
  199:  
  200:  /*
  201:  ** ===================================================================
  202:  **     Method      :  PE_low_level_init (bean MC68HC908GP32_44)
  203:  **
  204:  **     Description :
  205:  **         This method is internal. It is used by Processor Expert
  206:  **         only.
  207:  ** ===================================================================
  208:  */
  209:  void PE_low_level_init(void)
  210:  {

Function: PE_low_level_init
Source  : Z:\vph1\maestro\v6\casa\Code\Cpu.C
Options : -Cc -Env"GENPATH=Z:\vph1\maestro\v6\casa;Z:\vph1\maestro\v6\casa\bin;Z:\vph1\maestro\v6\casa\cmd;*Z:\vph1\maestro\v6\casa\Code;Z:\vph1\maestro\v6\casa\prm;D:\Archivos de programa\Metrowerks\CodeWarrior CW08_V3.0\lib\HC08c\LIB;D:\Archivos de programa\Metrowerks\CodeWarrior CW08_V3.0\lib\HC08c\src;*D:\Archivos de programa\Metrowerks\CodeWarrior CW08_V3.0\Bin\Plugins\support\ProcessorExpert;*Z:\vph1\maestro\v6\Comun;*Z:\vph1\maestro\v6;Z:\vph1\maestro\v6\casa\doc;D:\Archivos de programa\Metrowerks\CodeWarrior CW08_V3.0\lib\hc08c\include;D:\Archivos de programa\Metrowerks\CodeWarrior CW08_V3.0\Bin\Plugins\support\ProcessorExpert\PESL\HC08;D:\Archivos de programa\Metrowerks\CodeWarrior CW08_V3.0\lib\HC08c\INCLUDE" -Env"LIBPATH=D:\Archivos de programa\Metrowerks\CodeWarrior CW08_V3.0\lib\HC08c\INCLUDE" -EnvOBJPATH=Z:\vph1\maestro\v6\casa\bin -EnvTEXTPATH=Z:\vph1\maestro\v6\casa\bin -Lasm=%n.lst -ObjN=Z:\vph1\maestro\v6\casa\vph1_Data\P&E_PEDebug_FCS-ICS-ICD\ObjectCode\Cpu.C.o -Qvtpfar -WmsgSd1106

  211:    /* Common initialization of the CPU registers */
  212:  /* PTCPUE: PTCPUE5=0,PTCPUE4=0 */
  213:    output( PTCPUE, input( PTCPUE ) & ~48 );
  0000 b600             LDA   _PTCPUE
  0002 a4cf             AND   #-49
  0004 b700             STA   _PTCPUE
  214:  /* PTC: PTC5=0,PTC4=0 */
  215:    output( PTC, input( PTC ) & ~48 );
  0006 b600             LDA   _PTC
  0008 a4cf             AND   #-49
  000a b700             STA   _PTC
  216:  /* DDRC: DDRC5=0,DDRC4=0 */
  217:    output( DDRC, input( DDRC ) & ~48 );
  000c b600             LDA   _DDRC
  000e a4cf             AND   #-49
  0010 b700             STA   _DDRC
  218:    /* ### MC68HC908GP32_44 "Cpu" init code ... */
  219:    /* ### Asynchro serial "Terminal" init code ... */
  220:    /* PTE: PTE0=1 */
  221:    PTE |= 1;
  0012 1000             BSET  0,_PTE
  222:    /* DDRE: DDRE0=1 */
  223:    DDRE |= 1;
  0014 1000             BSET  0,_DDRE
  224:    Terminal_Init();
  0016 cd0000           JSR   Terminal_Init
  225:    /* ### External interrupt "IRQ" init code ... */
  226:    INTSCR_MODE = 1;                     /* Set low level and falling edge */
  0019 1000             BSET  0,_INTSCR
  227:    INTSCR_IMASK = 1;
  001b 1200             BSET  1,_INTSCR
  228:    INTSCR_ACK = 1;
  001d 1400             BSET  2,_INTSCR
  229:    INTSCR_IMASK = 0;
  001f 1300             BCLR  1,_INTSCR
  230:    /* ### TimerInt "TIMER" init code ... */
  231:    TIMER_Init();
  0021 cd0000           JSR   TIMER_Init
  232:    /* ### BitsIO "APERTURA" init code ... */
  233:    Shadow_PTC = Shadow_PTC & ~48 | 0;   /* Initialize shadow variable */
  0024 450000           LDHX  @Shadow_PTC
  0027 f6               LDA   ,X
  0028 a4cf             AND   #-49
  002a f7               STA   ,X
  234:    __DI();                              /* Disable interrupts */
  002b 9b               SEI   
  235:  }
  002c 81               RTS   
  236:  
  237:  /* END Cpu. */
  238:  
  239:  /*
  240:  ** ###################################################################
  241:  **
  242:  **     This file was created by UNIS Processor Expert 03.23 for 
  243:  **     the Motorola HC08 series of microcontrollers.
  244:  **
  245:  ** ###################################################################
  246:  */
  247:  
