ANSI-C/cC++ Compiler for HC08 V-5.0.15, Apr 11 2002

    1:  /*
    2:  ** ###################################################################
    3:  **
    4:  **     Filename  : vph1.C
    5:  **
    6:  **     Project   : vph1
    7:  ** 
    8:  **     Processor : MC68HC908GP32CFB
    9:  **
   10:  **     Version   : Driver 01.00
   11:  **
   12:  **     Compiler  : Metrowerks HC08 C Compiler V-5.0.13
   13:  **
   14:  **     Date/Time : 4/17/jueves, 15:23
   15:  **
   16:  **     Abstract  :
   17:  **
   18:  **         Main module. 
   19:  **         Here is to be placed user's code.
   20:  **
   21:  **     Settings  :
   22:  **
   23:  **
   24:  **     Contents  :
   25:  **
   26:  **         No public methods
   27:  **
   28:  **
   29:  **     (c) Copyright UNIS, spol. s r.o. 1997-2002
   30:  **
   31:  **     UNIS, spol. s r.o.
   32:  **     Jundrovska 33
   33:  **     624 00 Brno
   34:  **     Czech Republic
   35:  **
   36:  **     http      : www.processorexpert.com
   37:  **     mail      : info@processorexpert.com
   38:  **
   39:  ** ###################################################################
   40:  */
   41:  /* MODULE vph1 */
   42:  
   43:  //#pragma MESSAGE DISABLE C1420 /* WARNING C1420: Result of function-call is ignored. You can uncomment this line to disable this compiler warning */
   44:  
   45:  /*Including used modules for compilling procedure*/
   46:  #include "vph1.h"
   47:  #include "Cpu.h"
   48:  #include "Events.h"
   49:  #include "TIMER.h"
   50:  #include "IRQ.h"
   51:  /*Include shared modules, which are used for whole project*/
   52:  #include "PE_Types.h"
   53:  #include "PE_Error.h"
   54:  #include "PE_Const.h"
   55:  #include "IO_Map.h"
   56:  #include "maincpp.h"
   57:  #include "buffer.h"
   58:  #include "fx828.h"
   59:  
   60:  void main(void)
   61:  {	

Function: main
Source  : Z:\vph1\Personalizado\pedido 4340\v4\Calle\Code\vph1.c
Options : -Cc -Env"GENPATH=Z:\vph1\Personalizado\pedido 4340\v4\Calle;Z:\vph1\Personalizado\pedido 4340\v4\Calle\bin;Z:\vph1\Personalizado\pedido 4340\v4\Calle\cmd;*Z:\vph1\Personalizado\pedido 4340\v4\Calle\Code;Z:\vph1\Personalizado\pedido 4340\v4\Calle\prm;D:\Archivos de programa\Metrowerks\CodeWarrior HC08_V2.0\lib\HC08c\LIB;D:\Archivos de programa\Metrowerks\CodeWarrior HC08_V2.0\lib\HC08c\src;*D:\Archivos de programa\Metrowerks\CodeWarrior HC08_V2.0\Bin\Plugins\support\ProcessorExpert;*Z:\vph1\Personalizado\pedido 4340\v4\Comun;*Z:\vph1\Personalizado\pedido 4340\v4;D:\Archivos de programa\Metrowerks\CodeWarrior HC08_V2.0\lib\HC08c\INCLUDE" -Env"LIBPATH=D:\Archivos de programa\Metrowerks\CodeWarrior HC08_V2.0\lib\HC08c\INCLUDE" -Env"OBJPATH=Z:\vph1\Personalizado\pedido 4340\v4\Calle\bin" -Env"TEXTPATH=Z:\vph1\Personalizado\pedido 4340\v4\Calle\bin" -Lasm=%n.lst -ObjN="Z:\vph1\Personalizado\pedido 4340\v4\Calle\vph1_Data\P&E_PEDebug_FCS-ICS-ICD\ObjectCode\vph1.c.o" -WmsgSd1106

   62:  	asm jmp maincpp;	
  0000 cc0000           JMP   maincpp
   63:  }
   64:  
   65:  /* END vph1 */
   66:  /*
   67:  ** ###################################################################
   68:  **
   69:  **     This file was created by UNIS Processor Expert 02.89 for 
   70:  **     the Motorola HC08 series of microcontrollers.
   71:  **
   72:  ** ###################################################################
   73:  */
   74:  
