ANSI-C/cC++ Compiler for HC08 V-5.0.17, Apr 22 2003

    1:  /*
    2:  ** ###################################################################
    3:  **
    4:  **     Filename  : vph1.C
    5:  **
    6:  **     Project   : vph1
    7:  ** 
    8:  **     Processor : MC68HC908GP32CFB
    9:  **
   10:  **     Version   : Driver 01.00
   11:  **
   12:  **     Compiler  : Metrowerks HC08 C Compiler V-5.0.13
   13:  **
   14:  **     Date/Time : 4/17/jueves, 15:23
   15:  **
   16:  **     Abstract  :
   17:  **
   18:  **         Main module. 
   19:  **         Here is to be placed user's code.
   20:  **
   21:  **     Settings  :
   22:  **
   23:  **
   24:  **     Contents  :
   25:  **
   26:  **         No public methods
   27:  **
   28:  **
   29:  **     (c) Copyright UNIS, spol. s r.o. 1997-2002
   30:  **
   31:  **     UNIS, spol. s r.o.
   32:  **     Jundrovska 33
   33:  **     624 00 Brno
   34:  **     Czech Republic
   35:  **
   36:  **     http      : www.processorexpert.com
   37:  **     mail      : info@processorexpert.com
   38:  **
   39:  ** ###################################################################
   40:  */
   41:  /* MODULE vph1 */
   42:  
   43:  //#pragma MESSAGE DISABLE C1420 /* WARNING C1420: Result of function-call is ignored. You can uncomment this line to disable this compiler warning */
   44:  
   45:  /*Including used modules for compilling procedure*/
   46:  #include "vph1.h"
   47:  #include "Cpu.h"
   48:  #include "Events.h"
   49:  #include "TIMER.h"
   50:  #include "APERTURA.h"
   51:  #include "LEDS_IN.h"
   52:  #include "Terminal.h"
   53:  #include "IRQ.h"
   54:  /*Include shared modules, which are used for whole project*/
   55:  #include "PE_Types.h"
   56:  #include "PE_Error.h"
   57:  #include "PE_Const.h"
   58:  #include "IO_Map.h"
   59:  #include "maincpp.h"
   60:  #include "buffer.h"
   61:  #include "fx828.h"
   62:  
   63:  void main(void)
   64:  {	

Function: main
Source  : Z:\vph1\Personalizado\Pedido 4390\USU-TRA\Casa\Code\vph1.c
Options : -Cc -Env"GENPATH=Z:\vph1\Personalizado\Pedido 4390\USU-TRA\Casa;Z:\vph1\Personalizado\Pedido 4390\USU-TRA\Casa\bin;Z:\vph1\Personalizado\Pedido 4390\USU-TRA\Casa\cmd;*Z:\vph1\Personalizado\Pedido 4390\USU-TRA\Casa\Code;Z:\vph1\Personalizado\Pedido 4390\USU-TRA\Casa\prm;D:\Archivos de programa\Metrowerks\CodeWarrior CW08_V3.0\lib\HC08c\LIB;D:\Archivos de programa\Metrowerks\CodeWarrior CW08_V3.0\lib\HC08c\src;*D:\Archivos de programa\Metrowerks\CodeWarrior CW08_V3.0\Bin\Plugins\support\ProcessorExpert;*Z:\vph1\Personalizado\Pedido 4390\USU-TRA\Comun;*Z:\vph1\Personalizado\Pedido 4390\USU-TRA;Z:\vph1\Personalizado\Pedido 4390\USU-TRA\Casa\doc;D:\Archivos de programa\Metrowerks\CodeWarrior CW08_V3.0\lib\hc08c\include;D:\Archivos de programa\Metrowerks\CodeWarrior CW08_V3.0\Bin\Plugins\support\ProcessorExpert\PESL\HC08;D:\Archivos de programa\Metrowerks\CodeWarrior CW08_V3.0\lib\HC08c\INCLUDE" -Env"LIBPATH=D:\Archivos de programa\Metrowerks\CodeWarrior CW08_V3.0\lib\HC08c\INCLUDE" -Env"OBJPATH=Z:\vph1\Personalizado\Pedido 4390\USU-TRA\Casa\bin" -Env"TEXTPATH=Z:\vph1\Personalizado\Pedido 4390\USU-TRA\Casa\bin" -Lasm=%n.lst -ObjN="Z:\vph1\Personalizado\Pedido 4390\USU-TRA\Casa\vph1_Data\P&E_PEDebug_FCS-ICS-ICD\ObjectCode\vph1.c.o" -Qvtpfar -WmsgSd1106

   65:    /*** Processor Expert internal initialization. DON'T REMOVE THIS CODE!!! ***/
   66:    PE_low_level_init();
  0000 cd0000           JSR   PE_low_level_init
   67:    /*** End of Processor Expert internal initialization.                    ***/
   68:  	asm jmp maincpp;	
  0003 cc0000           JMP   maincpp
   69:  }
   70:  
   71:  /* END vph1 */
   72:  /*
   73:  ** ###################################################################
   74:  **
   75:  **     This file was created by UNIS Processor Expert 02.89 for 
   76:  **     the Motorola HC08 series of microcontrollers.
   77:  **
   78:  ** ###################################################################
   79:  */
   80:  
