ANSI-C/cC++ Compiler for HC08 V-5.0.15, Apr 11 2002

    1:  /*
    2:  ** ###################################################################
    3:  **
    4:  **     THIS BEAN MODULE IS GENERATED BY THE TOOL. DO NOT MODIFY IT.
    5:  **
    6:  **     Filename  : Cpu.C
    7:  **
    8:  **     Project   : vph1
    9:  ** 
   10:  **     Processor : MC68HC908GP32CFB
   11:  **
   12:  **     Beantype  : MC68HC908GP32_44
   13:  **
   14:  **     Version   : Bean 01.062, Driver 01.06, CPU db: 2.87.041
   15:  **
   16:  **     Compiler  : Metrowerks HC08 C Compiler V-5.0.13
   17:  **
   18:  **     Date/Time : 11/7/viernes, 13:55
   19:  **
   20:  **     Abstract  :
   21:  **
   22:  **         This bean "MC68HC908GP32_44" implements properties, methods,
   23:  **         and events of the CPU.
   24:  **
   25:  **     Settings  :
   26:  **
   27:  **         Clock setting
   28:  **             External clock      : 0.032768 MHz
   29:  **             CPU mode selection  : User mode
   30:  **             Initialization interrupt priority : 1
   31:  **             LVI module          : no
   32:  **
   33:  **         Speed modes
   34:  **             High speed clock    : Main clock frequency / 1
   35:  **             Internal bus clock  : 4.9152 MHz
   36:  **             Low speed mode      : Disabled
   37:  **             Slow speed mode     : Disabled
   38:  **
   39:  **     Contents  :
   40:  **
   41:  **         GetSpeedMode - byte Cpu_GetSpeedMode(void);
   42:  **         EnableInt    - void Cpu_EnableInt(void);
   43:  **         DisableInt   - void Cpu_DisableInt(void);
   44:  **
   45:  **
   46:  **     (c) Copyright UNIS, spol. s r.o. 1997-2002
   47:  **
   48:  **     UNIS, spol. s r.o.
   49:  **     Jundrovska 33
   50:  **     624 00 Brno
   51:  **     Czech Republic
   52:  **
   53:  **     http      : www.processorexpert.com
   54:  **     mail      : info@processorexpert.com
   55:  **
   56:  ** ###################################################################
   57:  */
   58:  
   59:  #include "Cpu.h"
   60:  #include "Terminal.h"
   61:  #include "IRQ.h"
   62:  #include "TIMER.h"
   63:  
   64:  extern void _Startup(void);
   65:  
   66:  void (* const _vect[])() @0xFFDC = {   // Interrupt table
   67:            Cpu_Interrupt,
   68:            Cpu_Interrupt,
   69:            Cpu_Interrupt,
   70:            Cpu_Interrupt,
   71:            Cpu_Interrupt,
   72:            Cpu_Interrupt,
   73:            Cpu_Interrupt,
   74:            Cpu_Interrupt,
   75:            Cpu_Interrupt,
   76:            TIMER_Interrupt,
   77:            Cpu_Interrupt,
   78:            Cpu_Interrupt,
   79:            Cpu_Interrupt,
   80:            Cpu_Interrupt,
   81:            Cpu_Interrupt,
   82:            IRQ_Interrupt,
   83:            Cpu_SWIInterrupt,
   84:            _Startup
   85:     };
   86:  /*
   87:  ** ###################################################################
   88:  **
   89:  **     This file was created by UNIS Processor Expert 02.89 for 
   90:  **     the Motorola HC08 series of microcontrollers.
   91:  **
   92:  ** ###################################################################
   93:  */
   94:  
