ANSI-C/cC++ Compiler for HC08 V-5.0.17, Apr 22 2003

    1:  /*
    2:  ** ###################################################################
    3:  **
    4:  **     THIS BEAN MODULE IS GENERATED BY THE TOOL. DO NOT MODIFY IT.
    5:  **
    6:  **     Filename  : Cpu.C
    7:  **
    8:  **     Project   : vph1
    9:  ** 
   10:  **     Processor : MC68HC908GP32CFB
   11:  **
   12:  **     Beantype  : MC68HC908GP32_44
   13:  **
   14:  **     Version   : Bean 01.065, Driver 01.17.04, CPU db: 2.89.000
   15:  **
   16:  **     Compiler  : Metrowerks HC08 C Compiler
   17:  **
   18:  **     Date/Time : 29/03/2006, 11:50
   19:  **
   20:  **     Abstract  :
   21:  **
   22:  **         This bean "MC68HC908GP32_44" implements properties, methods,
   23:  **         and events of the CPU.
   24:  **
   25:  **     Settings  :
   26:  **
   27:  **         Clock setting
   28:  **             External clock      : 0.032768 MHz
   29:  **             CPU mode selection  : User mode
   30:  **             Initialization interrupt priority : 0
   31:  **             LVI module          : no
   32:  **
   33:  **         Speed modes
   34:  **             High speed clock    : Main clock frequency / 1
   35:  **             Internal bus clock  : 2.4576 MHz
   36:  **             Low speed mode      : Disabled
   37:  **             Slow speed mode     : Disabled
   38:  **
   39:  **     Contents  :
   40:  **
   41:  **         GetSpeedMode - byte Cpu_GetSpeedMode(void);
   42:  **         EnableInt    - void Cpu_EnableInt(void);
   43:  **         DisableInt   - void Cpu_DisableInt(void);
   44:  **
   45:  **
   46:  **     (c) Copyright UNIS, spol. s r.o. 1997-2002
   47:  **
   48:  **     UNIS, spol. s r.o.
   49:  **     Jundrovska 33
   50:  **     624 00 Brno
   51:  **     Czech Republic
   52:  **
   53:  **     http      : www.processorexpert.com
   54:  **     mail      : info@processorexpert.com
   55:  **
   56:  ** ###################################################################
   57:  */
   58:  
   59:  /* MODULE Cpu. */
   60:  
   61:  #include "Terminal.h"
   62:  #include "IRQ.h"
   63:  #include "TIMER.h"
   64:  #include "PE_Types.h"
   65:  #include "PE_Error.h"
   66:  #include "PE_Const.h"
   67:  #include "IO_Map.h"
   68:  #include "Events.h"
   69:  #include "Cpu.h"
   70:  
   71:  #define CGM_DELAY  255
   72:  
   73:  
   74:  /* Global variables */
   75:  volatile byte CCR_reg;                 /* Current CCR register */
   76:  byte CpuMode = HIGH_SPEED;             /* Current speed mode */
   77:  
   78:  
   79:  /*
   80:  ** ===================================================================
   81:  **     Method      :  Cpu_Interrupt (bean MC68HC908GP32_44)
   82:  **
   83:  **     Description :
   84:  **         This method is internal. It is used by Processor Expert
   85:  **         only.
   86:  ** ===================================================================
   87:  */
   88:  __interrupt void Cpu_Interrupt(void)
   89:  {

Function: Cpu_Interrupt
Source  : Z:\vph1\Personalizado\pedido 4544\v6\casa\Code\Cpu.C
Options : -Cc -Env"GENPATH=Z:\vph1\Personalizado\pedido 4544\v6\casa;Z:\vph1\Personalizado\pedido 4544\v6\casa\bin;Z:\vph1\Personalizado\pedido 4544\v6\casa\cmd;*Z:\vph1\Personalizado\pedido 4544\v6\casa\Code;Z:\vph1\Personalizado\pedido 4544\v6\casa\prm;D:\Archivos de programa\Metrowerks\CodeWarrior CW08_V3.0\lib\HC08c\LIB;D:\Archivos de programa\Metrowerks\CodeWarrior CW08_V3.0\lib\HC08c\src;*D:\Archivos de programa\Metrowerks\CodeWarrior CW08_V3.0\Bin\Plugins\support\ProcessorExpert;*Z:\vph1\Personalizado\pedido 4544\v6\Comun;*Z:\vph1\Personalizado\pedido 4544\v6;Z:\vph1\Personalizado\pedido 4544\v6\casa\doc;D:\Archivos de programa\Metrowerks\CodeWarrior CW08_V3.0\lib\hc08c\include;D:\Archivos de programa\Metrowerks\CodeWarrior CW08_V3.0\Bin\Plugins\support\ProcessorExpert\PESL\HC08;D:\Archivos de programa\Metrowerks\CodeWarrior CW08_V3.0\lib\HC08c\INCLUDE" -Env"LIBPATH=D:\Archivos de programa\Metrowerks\CodeWarrior CW08_V3.0\lib\HC08c\INCLUDE" -Env"OBJPATH=Z:\vph1\Personalizado\pedido 4544\v6\casa\bin" -Env"TEXTPATH=Z:\vph1\Personalizado\pedido 4544\v6\casa\bin" -Lasm=%n.lst -ObjN="Z:\vph1\Personalizado\pedido 4544\v6\casa\vph1_Data\P&E_PEDebug_FCS-ICS-ICD\ObjectCode\Cpu.C.o" -Qvtpfar -WmsgSd1106

   90:  }
  0000 80               RTI   
   91:  
   92:  /*
   93:  ** ===================================================================
   94:  **     Method      :  Cpu_SWIInterrupt (bean MC68HC908GP32_44)
   95:  **
   96:  **     Description :
   97:  **         This method is internal. It is used by Processor Expert
   98:  **         only.
   99:  ** ===================================================================
  100:  */
  101:  __interrupt void Cpu_SWIInterrupt(void)
  102:  {

Function: Cpu_SWIInterrupt
Source  : Z:\vph1\Personalizado\pedido 4544\v6\casa\Code\Cpu.C
Options : -Cc -Env"GENPATH=Z:\vph1\Personalizado\pedido 4544\v6\casa;Z:\vph1\Personalizado\pedido 4544\v6\casa\bin;Z:\vph1\Personalizado\pedido 4544\v6\casa\cmd;*Z:\vph1\Personalizado\pedido 4544\v6\casa\Code;Z:\vph1\Personalizado\pedido 4544\v6\casa\prm;D:\Archivos de programa\Metrowerks\CodeWarrior CW08_V3.0\lib\HC08c\LIB;D:\Archivos de programa\Metrowerks\CodeWarrior CW08_V3.0\lib\HC08c\src;*D:\Archivos de programa\Metrowerks\CodeWarrior CW08_V3.0\Bin\Plugins\support\ProcessorExpert;*Z:\vph1\Personalizado\pedido 4544\v6\Comun;*Z:\vph1\Personalizado\pedido 4544\v6;Z:\vph1\Personalizado\pedido 4544\v6\casa\doc;D:\Archivos de programa\Metrowerks\CodeWarrior CW08_V3.0\lib\hc08c\include;D:\Archivos de programa\Metrowerks\CodeWarrior CW08_V3.0\Bin\Plugins\support\ProcessorExpert\PESL\HC08;D:\Archivos de programa\Metrowerks\CodeWarrior CW08_V3.0\lib\HC08c\INCLUDE" -Env"LIBPATH=D:\Archivos de programa\Metrowerks\CodeWarrior CW08_V3.0\lib\HC08c\INCLUDE" -Env"OBJPATH=Z:\vph1\Personalizado\pedido 4544\v6\casa\bin" -Env"TEXTPATH=Z:\vph1\Personalizado\pedido 4544\v6\casa\bin" -Lasm=%n.lst -ObjN="Z:\vph1\Personalizado\pedido 4544\v6\casa\vph1_Data\P&E_PEDebug_FCS-ICS-ICD\ObjectCode\Cpu.C.o" -Qvtpfar -WmsgSd1106

  0000 8b               PSHH  
  103:    Cpu_OnSwINT();                       /* Invoke user event */
  0001 cd0000           JSR   Cpu_OnSwINT
  104:  }
  0004 8a               PULH  
  0005 80               RTI   
  105:  
  106:  /*
  107:  ** ===================================================================
  108:  **     Method      :  Cpu_DisableInt (bean MC68HC908GP32_44)
  109:  **
  110:  **     Description :
  111:  **         Disable maskable interrupts
  112:  **     Parameters  : None
  113:  **     Returns     : Nothing
  114:  ** ===================================================================
  115:  */
  116:  /*
  117:  void Cpu_DisableInt(void)
  118:  
  119:  **      This method is implemented as macro in the header module. **
  120:  */
  121:  
  122:  /*
  123:  ** ===================================================================
  124:  **     Method      :  Cpu_EnableInt (bean MC68HC908GP32_44)
  125:  **
  126:  **     Description :
  127:  **         Enable maskable interrupts
  128:  **     Parameters  : None
  129:  **     Returns     : Nothing
  130:  ** ===================================================================
  131:  */
  132:  /*
  133:  void Cpu_EnableInt(void)
  134:  
  135:  **      This method is implemented as macro in the header module. **
  136:  */
  137:  
  138:  /*
  139:  ** ===================================================================
  140:  **     Method      :  Cpu_GetSpeedMode (bean MC68HC908GP32_44)
  141:  **
  142:  **     Description :
  143:  **         Get current speed mode
  144:  **     Parameters  : None
  145:  **     Returns     :
  146:  **         ---             - Speed mode (HIGH_SPEED, LOW_SPEED,
  147:  **                           SLOW_SPEED)
  148:  ** ===================================================================
  149:  */
  150:  byte Cpu_GetSpeedMode(void)
  151:  {

Function: Cpu_GetSpeedMode
Source  : Z:\vph1\Personalizado\pedido 4544\v6\casa\Code\Cpu.C
Options : -Cc -Env"GENPATH=Z:\vph1\Personalizado\pedido 4544\v6\casa;Z:\vph1\Personalizado\pedido 4544\v6\casa\bin;Z:\vph1\Personalizado\pedido 4544\v6\casa\cmd;*Z:\vph1\Personalizado\pedido 4544\v6\casa\Code;Z:\vph1\Personalizado\pedido 4544\v6\casa\prm;D:\Archivos de programa\Metrowerks\CodeWarrior CW08_V3.0\lib\HC08c\LIB;D:\Archivos de programa\Metrowerks\CodeWarrior CW08_V3.0\lib\HC08c\src;*D:\Archivos de programa\Metrowerks\CodeWarrior CW08_V3.0\Bin\Plugins\support\ProcessorExpert;*Z:\vph1\Personalizado\pedido 4544\v6\Comun;*Z:\vph1\Personalizado\pedido 4544\v6;Z:\vph1\Personalizado\pedido 4544\v6\casa\doc;D:\Archivos de programa\Metrowerks\CodeWarrior CW08_V3.0\lib\hc08c\include;D:\Archivos de programa\Metrowerks\CodeWarrior CW08_V3.0\Bin\Plugins\support\ProcessorExpert\PESL\HC08;D:\Archivos de programa\Metrowerks\CodeWarrior CW08_V3.0\lib\HC08c\INCLUDE" -Env"LIBPATH=D:\Archivos de programa\Metrowerks\CodeWarrior CW08_V3.0\lib\HC08c\INCLUDE" -Env"OBJPATH=Z:\vph1\Personalizado\pedido 4544\v6\casa\bin" -Env"TEXTPATH=Z:\vph1\Personalizado\pedido 4544\v6\casa\bin" -Lasm=%n.lst -ObjN="Z:\vph1\Personalizado\pedido 4544\v6\casa\vph1_Data\P&E_PEDebug_FCS-ICS-ICD\ObjectCode\Cpu.C.o" -Qvtpfar -WmsgSd1106

  152:    return CpuMode;                      /* Result the actual cpu mode */
  0000 c60000           LDA   CpuMode
  153:  }
  0003 81               RTS   
  154:  
  155:  
  156:  
  157:  /*
  158:  ** ===================================================================
  159:  **     Method      :  _EntryPoint (bean MC68HC908GP32_44)
  160:  **
  161:  **     Description :
  162:  **         This method is internal. It is used by Processor Expert
  163:  **         only.
  164:  ** ===================================================================
  165:  */
  166:  extern void _Startup(void);            /* Forward declaration of external startup function declared in file Start12.c */
  167:  #pragma NO_FRAME
  168:  #pragma NO_EXIT
  169:  void _EntryPoint(void)
  170:  {

Function: _EntryPoint
Source  : Z:\vph1\Personalizado\pedido 4544\v6\casa\Code\Cpu.C
Options : -Cc -Env"GENPATH=Z:\vph1\Personalizado\pedido 4544\v6\casa;Z:\vph1\Personalizado\pedido 4544\v6\casa\bin;Z:\vph1\Personalizado\pedido 4544\v6\casa\cmd;*Z:\vph1\Personalizado\pedido 4544\v6\casa\Code;Z:\vph1\Personalizado\pedido 4544\v6\casa\prm;D:\Archivos de programa\Metrowerks\CodeWarrior CW08_V3.0\lib\HC08c\LIB;D:\Archivos de programa\Metrowerks\CodeWarrior CW08_V3.0\lib\HC08c\src;*D:\Archivos de programa\Metrowerks\CodeWarrior CW08_V3.0\Bin\Plugins\support\ProcessorExpert;*Z:\vph1\Personalizado\pedido 4544\v6\Comun;*Z:\vph1\Personalizado\pedido 4544\v6;Z:\vph1\Personalizado\pedido 4544\v6\casa\doc;D:\Archivos de programa\Metrowerks\CodeWarrior CW08_V3.0\lib\hc08c\include;D:\Archivos de programa\Metrowerks\CodeWarrior CW08_V3.0\Bin\Plugins\support\ProcessorExpert\PESL\HC08;D:\Archivos de programa\Metrowerks\CodeWarrior CW08_V3.0\lib\HC08c\INCLUDE" -Env"LIBPATH=D:\Archivos de programa\Metrowerks\CodeWarrior CW08_V3.0\lib\HC08c\INCLUDE" -Env"OBJPATH=Z:\vph1\Personalizado\pedido 4544\v6\casa\bin" -Env"TEXTPATH=Z:\vph1\Personalizado\pedido 4544\v6\casa\bin" -Lasm=%n.lst -ObjN="Z:\vph1\Personalizado\pedido 4544\v6\casa\vph1_Data\P&E_PEDebug_FCS-ICS-ICD\ObjectCode\Cpu.C.o" -Qvtpfar -WmsgSd1106

  171:    /*** ### MC68HC908GP32_44 "Cpu" init code ... ***/
  172:    /*** PE initialization code after reset ***/
  173:    /* System clock initialization */
  174:    /* CONFIG1: COPRS=0,LVISTOP=0,LVIRSTD=0,LVIPWRD=1,LVI5OR3=0,SSREC=0,STOP=0,COPD=1 */
  175:    CONFIG1 = 17;                        /* Set the CONFIG1 register */
  0000 6e1100           MOV   #17,_CONFIG1
  176:    /* CONFIG2: ??=0,??=0,??=0,??=0,??=0,??=0,OSCSTOPENB=0,SCIBDSRC=1 */
  177:    CONFIG2 = 1;                         /* Set the CONFIG2 register */
  0003 6e0100           MOV   #1,_CONFIG2
  178:    PCTL_BCS = 0;                        /* Select clock source from XTAL */
  0006 1900             BCLR  4,_PCTL
  179:    PCTL_PLLON = 0;                      /* Disable the PLL */
  0008 1b00             BCLR  5,_PCTL
  180:    PMS = 300;                           /* Set the multiplier */
  000a 45012c           LDHX  #300
  000d 3500             STHX  _PMS
  181:    PMRS = 128;                          /* Set the range select */
  000f 6e8000           MOV   #-128,_PMRS
  182:    PCTL = 0;
  0012 3f00             CLR   _PCTL
  183:    PCTL_VPR = 1;
  0014 b600             LDA   _PCTL
  0016 a4fc             AND   #-4
  0018 aa01             ORA   #1
  001a b700             STA   _PCTL
  184:    PBWC = 128;                          /* Select the operating modes */
  001c 6e8000           MOV   #-128,_PBWC
  185:    PCTL_PLLON = 1;                      /* Enable the PLL */
  001f 1a00             BSET  5,_PCTL
  0021          L21:    
  186:    while(!PBWC_LOCK);                   /* Wait */
  0021 0d00fd           BRCLR 6,_PBWC,L21 ;abs = 0021
  187:    PCTL_BCS = 1;                        /* Select clock source from PLL */
  0024 1800             BSET  4,_PCTL
  188:    __asm("nop");
  0026 9d               NOP   
  189:    __asm("nop");
  0027 9d               NOP   
  190:    /*** End of PE initialization code after reset ***/
  191:  
  192:    __asm   jmp _Startup ;               /* Jump to C startup code */
  0028 cc0000           JMP   _Startup
  193:  
  194:  }
  195:  
  196:  /*
  197:  ** ===================================================================
  198:  **     Method      :  PE_low_level_init (bean MC68HC908GP32_44)
  199:  **
  200:  **     Description :
  201:  **         This method is internal. It is used by Processor Expert
  202:  **         only.
  203:  ** ===================================================================
  204:  */
  205:  void PE_low_level_init(void)
  206:  {

Function: PE_low_level_init
Source  : Z:\vph1\Personalizado\pedido 4544\v6\casa\Code\Cpu.C
Options : -Cc -Env"GENPATH=Z:\vph1\Personalizado\pedido 4544\v6\casa;Z:\vph1\Personalizado\pedido 4544\v6\casa\bin;Z:\vph1\Personalizado\pedido 4544\v6\casa\cmd;*Z:\vph1\Personalizado\pedido 4544\v6\casa\Code;Z:\vph1\Personalizado\pedido 4544\v6\casa\prm;D:\Archivos de programa\Metrowerks\CodeWarrior CW08_V3.0\lib\HC08c\LIB;D:\Archivos de programa\Metrowerks\CodeWarrior CW08_V3.0\lib\HC08c\src;*D:\Archivos de programa\Metrowerks\CodeWarrior CW08_V3.0\Bin\Plugins\support\ProcessorExpert;*Z:\vph1\Personalizado\pedido 4544\v6\Comun;*Z:\vph1\Personalizado\pedido 4544\v6;Z:\vph1\Personalizado\pedido 4544\v6\casa\doc;D:\Archivos de programa\Metrowerks\CodeWarrior CW08_V3.0\lib\hc08c\include;D:\Archivos de programa\Metrowerks\CodeWarrior CW08_V3.0\Bin\Plugins\support\ProcessorExpert\PESL\HC08;D:\Archivos de programa\Metrowerks\CodeWarrior CW08_V3.0\lib\HC08c\INCLUDE" -Env"LIBPATH=D:\Archivos de programa\Metrowerks\CodeWarrior CW08_V3.0\lib\HC08c\INCLUDE" -Env"OBJPATH=Z:\vph1\Personalizado\pedido 4544\v6\casa\bin" -Env"TEXTPATH=Z:\vph1\Personalizado\pedido 4544\v6\casa\bin" -Lasm=%n.lst -ObjN="Z:\vph1\Personalizado\pedido 4544\v6\casa\vph1_Data\P&E_PEDebug_FCS-ICS-ICD\ObjectCode\Cpu.C.o" -Qvtpfar -WmsgSd1106

  207:    /* ### MC68HC908GP32_44 "Cpu" init code ... */
  208:    /* ### Asynchro serial "Terminal" init code ... */
  209:    /* PTE: PTE0=1 */
  210:    PTE |= 1;
  0000 1000             BSET  0,_PTE
  211:    /* DDRE: DDRE0=1 */
  212:    DDRE |= 1;
  0002 1000             BSET  0,_DDRE
  213:    Terminal_Init();
  0004 cd0000           JSR   Terminal_Init
  214:    /* ### External interrupt "IRQ" init code ... */
  215:    INTSCR_MODE = 1;                     /* Set low level and falling edge */
  0007 1000             BSET  0,_INTSCR
  216:    INTSCR_IMASK = 1;
  0009 1200             BSET  1,_INTSCR
  217:    INTSCR_ACK = 1;
  000b 1400             BSET  2,_INTSCR
  218:    INTSCR_IMASK = 0;
  000d 1300             BCLR  1,_INTSCR
  219:    /* ### TimerInt "TIMER" init code ... */
  220:    TIMER_Init();
  000f cd0000           JSR   TIMER_Init
  221:    __DI();                              /* Disable interrupts */
  0012 9b               SEI   
  222:  }
  0013 81               RTS   
  223:  
  224:  /* END Cpu. */
  225:  
  226:  /*
  227:  ** ###################################################################
  228:  **
  229:  **     This file was created by UNIS Processor Expert 03.23 for 
  230:  **     the Motorola HC08 series of microcontrollers.
  231:  **
  232:  ** ###################################################################
  233:  */
  234:  
