ANSI-C/cC++ Compiler for HC08 V-5.0.17, Apr 22 2003

    1:  /*
    2:  ** ###################################################################
    3:  **
    4:  **     THIS BEAN MODULE IS GENERATED BY THE TOOL. DO NOT MODIFY IT.
    5:  **
    6:  **     Filename  : APERTURA.C
    7:  **
    8:  **     Project   : vph1
    9:  ** 
   10:  **     Processor : MC68HC908GP32CFB
   11:  **
   12:  **     Beantype  : BitsIO
   13:  **
   14:  **     Version   : Bean 02.022, Driver 02.16, CPU db: 2.89.000
   15:  **
   16:  **     Compiler  : Metrowerks HC08 C Compiler
   17:  **
   18:  **     Date/Time : 05/01/2007, 11:43
   19:  **
   20:  **     Abstract  :
   21:  **
   22:  **         This bean "BitsIO" implements a multi-bit input/output.
   23:  **         It uses selected pins of one 1-bit to 8-bit port.
   24:  **         Note: This bean is set to work in Input direction only.
   25:  **
   26:  **     Settings  :
   27:  **
   28:  **         Port name                   : PTC
   29:  **
   30:  **         Bit mask of the port        : 56
   31:  **         Number of bits/pins         : 3
   32:  **         Single bit numbers          : 0 to 2
   33:  **         Values range                : 0 to 7
   34:  **
   35:  **         Initial direction           : Input (direction cannot be changed)
   36:  **         Initial output value        : 0 = 000H
   37:  **         Initial pull option         : off
   38:  **
   39:  **         Port data register          : PTC       [2]
   40:  **         Port control register       : DDRC      [6]
   41:  **
   42:  **             ----------------------------------------------------
   43:  **                   Bit     |   Pin   |   Name
   44:  **             ----------------------------------------------------
   45:  **                    0      |    5    |   PTC3
   46:  **                    1      |    6    |   PTC4
   47:  **                    2      |    7    |   PTC5
   48:  **             ----------------------------------------------------
   49:  **
   50:  **         Optimization for            : speed
   51:  **
   52:  **     Contents  :
   53:  **
   54:  **         GetDir - bool APERTURA_GetDir(void);
   55:  **         GetVal - byte APERTURA_GetVal(void);
   56:  **         GetBit - bool APERTURA_GetBit(byte Bit);
   57:  **
   58:  **
   59:  **     (c) Copyright UNIS, spol. s r.o. 1997-2002
   60:  **
   61:  **     UNIS, spol. s r.o.
   62:  **     Jundrovska 33
   63:  **     624 00 Brno
   64:  **     Czech Republic
   65:  **
   66:  **     http      : www.processorexpert.com
   67:  **     mail      : info@processorexpert.com
   68:  **
   69:  ** ###################################################################
   70:  */
   71:  
   72:  #include "APERTURA.h"
   73:  
   74:  /*Include shared modules, which are used for whole project*/
   75:  #include "PE_Types.h"
   76:  #include "PE_Error.h"
   77:  #include "PE_Const.h"
   78:  #include "IO_Map.h"
   79:  #include "Cpu.h"
   80:  
   81:  const byte APERTURA_Table[8]={ 1, 2, 4, 8, 16, 32, 64, 128 }; /* Table of mask constants */
   82:  /*
   83:  ** ===================================================================
   84:  **     Method      :  APERTURA_GetMsk (bean BitsIO)
   85:  **
   86:  **     Description :
   87:  **         This method is internal. It is used by Processor Expert
   88:  **         only.
   89:  ** ===================================================================
   90:  */
   91:  byte APERTURA_GetMsk(byte Value)
   92:  {

Function: APERTURA_GetMsk
Source  : Z:\vph1\maestro\v7\casa\Code\APERTURA.C
Options : -Cc -Env"GENPATH=Z:\vph1\maestro\v7\casa;Z:\vph1\maestro\v7\casa\bin;Z:\vph1\maestro\v7\casa\cmd;*Z:\vph1\maestro\v7\casa\Code;Z:\vph1\maestro\v7\casa\prm;D:\Archivos de programa\Metrowerks\CodeWarrior CW08_V3.0\lib\HC08c\LIB;D:\Archivos de programa\Metrowerks\CodeWarrior CW08_V3.0\lib\HC08c\src;*D:\Archivos de programa\Metrowerks\CodeWarrior CW08_V3.0\Bin\Plugins\support\ProcessorExpert;*Z:\vph1\maestro\v7\Comun;*Z:\vph1\maestro\v7;Z:\vph1\maestro\v7\casa\doc;D:\Archivos de programa\Metrowerks\CodeWarrior CW08_V3.0\lib\hc08c\include;D:\Archivos de programa\Metrowerks\CodeWarrior CW08_V3.0\Bin\Plugins\support\ProcessorExpert\PESL\HC08;D:\Archivos de programa\Metrowerks\CodeWarrior CW08_V3.0\lib\HC08c\INCLUDE" -Env"LIBPATH=D:\Archivos de programa\Metrowerks\CodeWarrior CW08_V3.0\lib\HC08c\INCLUDE" -EnvOBJPATH=Z:\vph1\maestro\v7\casa\bin -EnvTEXTPATH=Z:\vph1\maestro\v7\casa\bin -Lasm=%n.lst -ObjN=Z:\vph1\maestro\v7\casa\vph1_Data\P&E_PEDebug_FCS-ICS-ICD\ObjectCode\APERTURA.C.o -Qvtpfar -WmsgSd1106

   93:    return((Value<3)?APERTURA_Table[Value+3]:0); /* Return appropriate bit mask */
  0000 a103             CMP   #3
  0002 2502             BCS   L6 ;abs = 0006
  0004 4f               CLRA  
  0005 81               RTS   
  0006          L6:     
  0006 8c               CLRH  
  0007 97               TAX   
  0008 d60003           LDA   @APERTURA_Table:3,X
   94:  }
  000b 81               RTS   
   95:  
   96:  /*
   97:  ** ===================================================================
   98:  **     Method      :  APERTURA_GetVal (bean BitsIO)
   99:  **
  100:  **     Description :
  101:  **         This method returns an input value.
  102:  **           a) direction = Input  : reads the input value from the
  103:  **                                   pins and returns it
  104:  **           b) direction = Output : returns the last written value
  105:  **         Note: This bean is set to work in Input direction only.
  106:  **     Parameters  : None
  107:  **     Returns     :
  108:  **         ---        - Input value (0 to 7)
  109:  ** ===================================================================
  110:  */
  111:  /*
  112:  byte APERTURA_GetVal(void)
  113:  
  114:  **  This method is implemented as a macro. See APERTURA.h file.  **
  115:  */
  116:  
  117:  /*
  118:  ** ===================================================================
  119:  **     Method      :  APERTURA_GetBit (bean BitsIO)
  120:  **
  121:  **     Description :
  122:  **         This method returns the specified bit of the input value.
  123:  **           a) direction = Input  : reads the input value from pins
  124:  **                                   and returns the specified bit
  125:  **           b) direction = Output : returns the specified bit
  126:  **                                   of the last written value
  127:  **         Note: This bean is set to work in Input direction only.
  128:  **     Parameters  :
  129:  **         NAME       - DESCRIPTION
  130:  **         BitNum     - Number of the bit to read (0 to 2)
  131:  **     Returns     :
  132:  **         ---        - Value of the specified bit (FALSE or TRUE)
  133:  **                      FALSE = "0" or "Low", TRUE = "1" or "High"
  134:  ** ===================================================================
  135:  */
  136:  bool APERTURA_GetBit(byte BitNum)
  137:  {

Function: APERTURA_GetBit
Source  : Z:\vph1\maestro\v7\casa\Code\APERTURA.C
Options : -Cc -Env"GENPATH=Z:\vph1\maestro\v7\casa;Z:\vph1\maestro\v7\casa\bin;Z:\vph1\maestro\v7\casa\cmd;*Z:\vph1\maestro\v7\casa\Code;Z:\vph1\maestro\v7\casa\prm;D:\Archivos de programa\Metrowerks\CodeWarrior CW08_V3.0\lib\HC08c\LIB;D:\Archivos de programa\Metrowerks\CodeWarrior CW08_V3.0\lib\HC08c\src;*D:\Archivos de programa\Metrowerks\CodeWarrior CW08_V3.0\Bin\Plugins\support\ProcessorExpert;*Z:\vph1\maestro\v7\Comun;*Z:\vph1\maestro\v7;Z:\vph1\maestro\v7\casa\doc;D:\Archivos de programa\Metrowerks\CodeWarrior CW08_V3.0\lib\hc08c\include;D:\Archivos de programa\Metrowerks\CodeWarrior CW08_V3.0\Bin\Plugins\support\ProcessorExpert\PESL\HC08;D:\Archivos de programa\Metrowerks\CodeWarrior CW08_V3.0\lib\HC08c\INCLUDE" -Env"LIBPATH=D:\Archivos de programa\Metrowerks\CodeWarrior CW08_V3.0\lib\HC08c\INCLUDE" -EnvOBJPATH=Z:\vph1\maestro\v7\casa\bin -EnvTEXTPATH=Z:\vph1\maestro\v7\casa\bin -Lasm=%n.lst -ObjN=Z:\vph1\maestro\v7\casa\vph1_Data\P&E_PEDebug_FCS-ICS-ICD\ObjectCode\APERTURA.C.o -Qvtpfar -WmsgSd1106

  0000 8b               PSHH  
  138:    byte Mask=APERTURA_GetMsk(BitNum);   /* Temporary variable - bit mask */
  0001 ad00             BSR   APERTURA_GetMsk
  0003 95               TSX   
  0004 f7               STA   ,X
  139:  
  140:    return((Mask)?(PTC & Mask) == Mask:0); /* Return input value */
  0005 2603             BNE   LA ;abs = 000a
  0007 4f               CLRA  
  141:  }
  0008 8a               PULH  
  0009 81               RTS   
  000a          LA:     
  000a b600             LDA   _PTC
  000c f4               AND   ,X
  000d f1               CMP   ,X
  000e 2703             BEQ   L13 ;abs = 0013
  0010 4f               CLRA  
  0011 8a               PULH  
  0012 81               RTS   
  0013          L13:    
  0013 a601             LDA   #1
  0015 8a               PULH  
  0016 81               RTS   
  142:  
  143:  /*
  144:  ** ===================================================================
  145:  **     Method      :  APERTURA_GetDir (bean BitsIO)
  146:  **
  147:  **     Description :
  148:  **         This method returns direction of the bean.
  149:  **     Parameters  : None
  150:  **     Returns     :
  151:  **         ---        - Direction of the bean (always FALSE, Input only)
  152:  **                      FALSE = Input, TRUE = Output
  153:  ** ===================================================================
  154:  */
  155:  /*
  156:  bool APERTURA_GetDir(void)
  157:  
  158:  **  This method is implemented as a macro. See APERTURA.h file.  **
  159:  */
  160:  
  161:  /*
  162:  ** ###################################################################
  163:  **
  164:  **     This file was created by UNIS Processor Expert 03.23 for 
  165:  **     the Motorola HC08 series of microcontrollers.
  166:  **
  167:  ** ###################################################################
  168:  */
  169:  
