ANSI-C/cC++ Compiler for HC08 V-5.0.17, Apr 22 2003

    1:  /*
    2:  ** ###################################################################
    3:  **
    4:  **     THIS BEAN MODULE IS GENERATED BY THE TOOL. DO NOT MODIFY IT.
    5:  **
    6:  **     Filename  : Cpu.C
    7:  **
    8:  **     Project   : vph1
    9:  ** 
   10:  **     Processor : MC68HC908GP32CFB
   11:  **
   12:  **     Beantype  : MC68HC908GP32_44
   13:  **
   14:  **     Version   : Bean 01.065, Driver 01.17.04, CPU db: 2.89.000
   15:  **
   16:  **     Compiler  : Metrowerks HC08 C Compiler
   17:  **
   18:  **     Date/Time : 05/01/2007, 11:43
   19:  **
   20:  **     Abstract  :
   21:  **
   22:  **         This bean "MC68HC908GP32_44" implements properties, methods,
   23:  **         and events of the CPU.
   24:  **
   25:  **     Settings  :
   26:  **
   27:  **         Clock setting
   28:  **             External clock      : 0.032768 MHz
   29:  **             CPU mode selection  : User mode
   30:  **             Initialization interrupt priority : 0
   31:  **             LVI module          : no
   32:  **
   33:  **         Speed modes
   34:  **             High speed clock    : Main clock frequency / 1
   35:  **             Internal bus clock  : 2.4576 MHz
   36:  **             Low speed mode      : Disabled
   37:  **             Slow speed mode     : Disabled
   38:  **
   39:  **     Contents  :
   40:  **
   41:  **         GetSpeedMode - byte Cpu_GetSpeedMode(void);
   42:  **         EnableInt    - void Cpu_EnableInt(void);
   43:  **         DisableInt   - void Cpu_DisableInt(void);
   44:  **
   45:  **
   46:  **     (c) Copyright UNIS, spol. s r.o. 1997-2002
   47:  **
   48:  **     UNIS, spol. s r.o.
   49:  **     Jundrovska 33
   50:  **     624 00 Brno
   51:  **     Czech Republic
   52:  **
   53:  **     http      : www.processorexpert.com
   54:  **     mail      : info@processorexpert.com
   55:  **
   56:  ** ###################################################################
   57:  */
   58:  
   59:  /* MODULE Cpu. */
   60:  
   61:  #include "Terminal.h"
   62:  #include "IRQ.h"
   63:  #include "TIMER.h"
   64:  #include "APERTURA.h"
   65:  #include "PE_Types.h"
   66:  #include "PE_Error.h"
   67:  #include "PE_Const.h"
   68:  #include "IO_Map.h"
   69:  #include "Events.h"
   70:  #include "Cpu.h"
   71:  
   72:  #define CGM_DELAY  255
   73:  
   74:  
   75:  /* Global variables */
   76:  volatile byte CCR_reg;                 /* Current CCR register */
   77:  byte CpuMode = HIGH_SPEED;             /* Current speed mode */
   78:  
   79:  
   80:  /*
   81:  ** ===================================================================
   82:  **     Method      :  Cpu_Interrupt (bean MC68HC908GP32_44)
   83:  **
   84:  **     Description :
   85:  **         This method is internal. It is used by Processor Expert
   86:  **         only.
   87:  ** ===================================================================
   88:  */
   89:  __interrupt void Cpu_Interrupt(void)
   90:  {

Function: Cpu_Interrupt
Source  : Z:\vph1\maestro\v7\casa\Code\Cpu.C
Options : -Cc -Env"GENPATH=Z:\vph1\maestro\v7\casa;Z:\vph1\maestro\v7\casa\bin;Z:\vph1\maestro\v7\casa\cmd;*Z:\vph1\maestro\v7\casa\Code;Z:\vph1\maestro\v7\casa\prm;D:\Archivos de programa\Metrowerks\CodeWarrior CW08_V3.0\lib\HC08c\LIB;D:\Archivos de programa\Metrowerks\CodeWarrior CW08_V3.0\lib\HC08c\src;*D:\Archivos de programa\Metrowerks\CodeWarrior CW08_V3.0\Bin\Plugins\support\ProcessorExpert;*Z:\vph1\maestro\v7\Comun;*Z:\vph1\maestro\v7;Z:\vph1\maestro\v7\casa\doc;D:\Archivos de programa\Metrowerks\CodeWarrior CW08_V3.0\lib\hc08c\include;D:\Archivos de programa\Metrowerks\CodeWarrior CW08_V3.0\Bin\Plugins\support\ProcessorExpert\PESL\HC08;D:\Archivos de programa\Metrowerks\CodeWarrior CW08_V3.0\lib\HC08c\INCLUDE" -Env"LIBPATH=D:\Archivos de programa\Metrowerks\CodeWarrior CW08_V3.0\lib\HC08c\INCLUDE" -EnvOBJPATH=Z:\vph1\maestro\v7\casa\bin -EnvTEXTPATH=Z:\vph1\maestro\v7\casa\bin -Lasm=%n.lst -ObjN=Z:\vph1\maestro\v7\casa\vph1_Data\P&E_PEDebug_FCS-ICS-ICD\ObjectCode\Cpu.C.o -Qvtpfar -WmsgSd1106

   91:  }
  0000 80               RTI   
   92:  
   93:  /*
   94:  ** ===================================================================
   95:  **     Method      :  Cpu_SWIInterrupt (bean MC68HC908GP32_44)
   96:  **
   97:  **     Description :
   98:  **         This method is internal. It is used by Processor Expert
   99:  **         only.
  100:  ** ===================================================================
  101:  */
  102:  __interrupt void Cpu_SWIInterrupt(void)
  103:  {

Function: Cpu_SWIInterrupt
Source  : Z:\vph1\maestro\v7\casa\Code\Cpu.C
Options : -Cc -Env"GENPATH=Z:\vph1\maestro\v7\casa;Z:\vph1\maestro\v7\casa\bin;Z:\vph1\maestro\v7\casa\cmd;*Z:\vph1\maestro\v7\casa\Code;Z:\vph1\maestro\v7\casa\prm;D:\Archivos de programa\Metrowerks\CodeWarrior CW08_V3.0\lib\HC08c\LIB;D:\Archivos de programa\Metrowerks\CodeWarrior CW08_V3.0\lib\HC08c\src;*D:\Archivos de programa\Metrowerks\CodeWarrior CW08_V3.0\Bin\Plugins\support\ProcessorExpert;*Z:\vph1\maestro\v7\Comun;*Z:\vph1\maestro\v7;Z:\vph1\maestro\v7\casa\doc;D:\Archivos de programa\Metrowerks\CodeWarrior CW08_V3.0\lib\hc08c\include;D:\Archivos de programa\Metrowerks\CodeWarrior CW08_V3.0\Bin\Plugins\support\ProcessorExpert\PESL\HC08;D:\Archivos de programa\Metrowerks\CodeWarrior CW08_V3.0\lib\HC08c\INCLUDE" -Env"LIBPATH=D:\Archivos de programa\Metrowerks\CodeWarrior CW08_V3.0\lib\HC08c\INCLUDE" -EnvOBJPATH=Z:\vph1\maestro\v7\casa\bin -EnvTEXTPATH=Z:\vph1\maestro\v7\casa\bin -Lasm=%n.lst -ObjN=Z:\vph1\maestro\v7\casa\vph1_Data\P&E_PEDebug_FCS-ICS-ICD\ObjectCode\Cpu.C.o -Qvtpfar -WmsgSd1106

  0000 8b               PSHH  
  104:    Cpu_OnSwINT();                       /* Invoke user event */
  0001 cd0000           JSR   Cpu_OnSwINT
  105:  }
  0004 8a               PULH  
  0005 80               RTI   
  106:  
  107:  /*
  108:  ** ===================================================================
  109:  **     Method      :  Cpu_DisableInt (bean MC68HC908GP32_44)
  110:  **
  111:  **     Description :
  112:  **         Disable maskable interrupts
  113:  **     Parameters  : None
  114:  **     Returns     : Nothing
  115:  ** ===================================================================
  116:  */
  117:  /*
  118:  void Cpu_DisableInt(void)
  119:  
  120:  **      This method is implemented as macro in the header module. **
  121:  */
  122:  
  123:  /*
  124:  ** ===================================================================
  125:  **     Method      :  Cpu_EnableInt (bean MC68HC908GP32_44)
  126:  **
  127:  **     Description :
  128:  **         Enable maskable interrupts
  129:  **     Parameters  : None
  130:  **     Returns     : Nothing
  131:  ** ===================================================================
  132:  */
  133:  /*
  134:  void Cpu_EnableInt(void)
  135:  
  136:  **      This method is implemented as macro in the header module. **
  137:  */
  138:  
  139:  /*
  140:  ** ===================================================================
  141:  **     Method      :  Cpu_GetSpeedMode (bean MC68HC908GP32_44)
  142:  **
  143:  **     Description :
  144:  **         Get current speed mode
  145:  **     Parameters  : None
  146:  **     Returns     :
  147:  **         ---             - Speed mode (HIGH_SPEED, LOW_SPEED,
  148:  **                           SLOW_SPEED)
  149:  ** ===================================================================
  150:  */
  151:  byte Cpu_GetSpeedMode(void)
  152:  {

Function: Cpu_GetSpeedMode
Source  : Z:\vph1\maestro\v7\casa\Code\Cpu.C
Options : -Cc -Env"GENPATH=Z:\vph1\maestro\v7\casa;Z:\vph1\maestro\v7\casa\bin;Z:\vph1\maestro\v7\casa\cmd;*Z:\vph1\maestro\v7\casa\Code;Z:\vph1\maestro\v7\casa\prm;D:\Archivos de programa\Metrowerks\CodeWarrior CW08_V3.0\lib\HC08c\LIB;D:\Archivos de programa\Metrowerks\CodeWarrior CW08_V3.0\lib\HC08c\src;*D:\Archivos de programa\Metrowerks\CodeWarrior CW08_V3.0\Bin\Plugins\support\ProcessorExpert;*Z:\vph1\maestro\v7\Comun;*Z:\vph1\maestro\v7;Z:\vph1\maestro\v7\casa\doc;D:\Archivos de programa\Metrowerks\CodeWarrior CW08_V3.0\lib\hc08c\include;D:\Archivos de programa\Metrowerks\CodeWarrior CW08_V3.0\Bin\Plugins\support\ProcessorExpert\PESL\HC08;D:\Archivos de programa\Metrowerks\CodeWarrior CW08_V3.0\lib\HC08c\INCLUDE" -Env"LIBPATH=D:\Archivos de programa\Metrowerks\CodeWarrior CW08_V3.0\lib\HC08c\INCLUDE" -EnvOBJPATH=Z:\vph1\maestro\v7\casa\bin -EnvTEXTPATH=Z:\vph1\maestro\v7\casa\bin -Lasm=%n.lst -ObjN=Z:\vph1\maestro\v7\casa\vph1_Data\P&E_PEDebug_FCS-ICS-ICD\ObjectCode\Cpu.C.o -Qvtpfar -WmsgSd1106

  153:    return CpuMode;                      /* Result the actual cpu mode */
  0000 c60000           LDA   CpuMode
  154:  }
  0003 81               RTS   
  155:  
  156:  
  157:  
  158:  /*
  159:  ** ===================================================================
  160:  **     Method      :  _EntryPoint (bean MC68HC908GP32_44)
  161:  **
  162:  **     Description :
  163:  **         This method is internal. It is used by Processor Expert
  164:  **         only.
  165:  ** ===================================================================
  166:  */
  167:  extern void _Startup(void);            /* Forward declaration of external startup function declared in file Start12.c */
  168:  #pragma NO_FRAME
  169:  #pragma NO_EXIT
  170:  void _EntryPoint(void)
  171:  {

Function: _EntryPoint
Source  : Z:\vph1\maestro\v7\casa\Code\Cpu.C
Options : -Cc -Env"GENPATH=Z:\vph1\maestro\v7\casa;Z:\vph1\maestro\v7\casa\bin;Z:\vph1\maestro\v7\casa\cmd;*Z:\vph1\maestro\v7\casa\Code;Z:\vph1\maestro\v7\casa\prm;D:\Archivos de programa\Metrowerks\CodeWarrior CW08_V3.0\lib\HC08c\LIB;D:\Archivos de programa\Metrowerks\CodeWarrior CW08_V3.0\lib\HC08c\src;*D:\Archivos de programa\Metrowerks\CodeWarrior CW08_V3.0\Bin\Plugins\support\ProcessorExpert;*Z:\vph1\maestro\v7\Comun;*Z:\vph1\maestro\v7;Z:\vph1\maestro\v7\casa\doc;D:\Archivos de programa\Metrowerks\CodeWarrior CW08_V3.0\lib\hc08c\include;D:\Archivos de programa\Metrowerks\CodeWarrior CW08_V3.0\Bin\Plugins\support\ProcessorExpert\PESL\HC08;D:\Archivos de programa\Metrowerks\CodeWarrior CW08_V3.0\lib\HC08c\INCLUDE" -Env"LIBPATH=D:\Archivos de programa\Metrowerks\CodeWarrior CW08_V3.0\lib\HC08c\INCLUDE" -EnvOBJPATH=Z:\vph1\maestro\v7\casa\bin -EnvTEXTPATH=Z:\vph1\maestro\v7\casa\bin -Lasm=%n.lst -ObjN=Z:\vph1\maestro\v7\casa\vph1_Data\P&E_PEDebug_FCS-ICS-ICD\ObjectCode\Cpu.C.o -Qvtpfar -WmsgSd1106

  172:    /*** ### MC68HC908GP32_44 "Cpu" init code ... ***/
  173:    /*** PE initialization code after reset ***/
  174:    /* System clock initialization */
  175:    /* CONFIG1: COPRS=0,LVISTOP=0,LVIRSTD=0,LVIPWRD=1,LVI5OR3=0,SSREC=0,STOP=0,COPD=1 */
  176:    CONFIG1 = 17;                        /* Set the CONFIG1 register */
  0000 6e1100           MOV   #17,_CONFIG1
  177:    /* CONFIG2: ??=0,??=0,??=0,??=0,??=0,??=0,OSCSTOPENB=0,SCIBDSRC=1 */
  178:    CONFIG2 = 1;                         /* Set the CONFIG2 register */
  0003 6e0100           MOV   #1,_CONFIG2
  179:    PCTL_BCS = 0;                        /* Select clock source from XTAL */
  0006 1900             BCLR  4,_PCTL
  180:    PCTL_PLLON = 0;                      /* Disable the PLL */
  0008 1b00             BCLR  5,_PCTL
  181:    PMS = 300;                           /* Set the multiplier */
  000a 45012c           LDHX  #300
  000d 3500             STHX  _PMS
  182:    PMRS = 128;                          /* Set the range select */
  000f 6e8000           MOV   #-128,_PMRS
  183:    PCTL = 0;
  0012 3f00             CLR   _PCTL
  184:    PCTL_VPR = 1;
  0014 b600             LDA   _PCTL
  0016 a4fc             AND   #-4
  0018 aa01             ORA   #1
  001a b700             STA   _PCTL
  185:    PBWC = 128;                          /* Select the operating modes */
  001c 6e8000           MOV   #-128,_PBWC
  186:    PCTL_PLLON = 1;                      /* Enable the PLL */
  001f 1a00             BSET  5,_PCTL
  0021          L21:    
  187:    while(!PBWC_LOCK);                   /* Wait */
  0021 0d00fd           BRCLR 6,_PBWC,L21 ;abs = 0021
  188:    PCTL_BCS = 1;                        /* Select clock source from PLL */
  0024 1800             BSET  4,_PCTL
  189:    __asm("nop");
  0026 9d               NOP   
  190:    __asm("nop");
  0027 9d               NOP   
  191:    /*** End of PE initialization code after reset ***/
  192:  
  193:    __asm   jmp _Startup ;               /* Jump to C startup code */
  0028 cc0000           JMP   _Startup
  194:  
  195:  }
  196:  
  197:  /*
  198:  ** ===================================================================
  199:  **     Method      :  PE_low_level_init (bean MC68HC908GP32_44)
  200:  **
  201:  **     Description :
  202:  **         This method is internal. It is used by Processor Expert
  203:  **         only.
  204:  ** ===================================================================
  205:  */
  206:  void PE_low_level_init(void)
  207:  {

Function: PE_low_level_init
Source  : Z:\vph1\maestro\v7\casa\Code\Cpu.C
Options : -Cc -Env"GENPATH=Z:\vph1\maestro\v7\casa;Z:\vph1\maestro\v7\casa\bin;Z:\vph1\maestro\v7\casa\cmd;*Z:\vph1\maestro\v7\casa\Code;Z:\vph1\maestro\v7\casa\prm;D:\Archivos de programa\Metrowerks\CodeWarrior CW08_V3.0\lib\HC08c\LIB;D:\Archivos de programa\Metrowerks\CodeWarrior CW08_V3.0\lib\HC08c\src;*D:\Archivos de programa\Metrowerks\CodeWarrior CW08_V3.0\Bin\Plugins\support\ProcessorExpert;*Z:\vph1\maestro\v7\Comun;*Z:\vph1\maestro\v7;Z:\vph1\maestro\v7\casa\doc;D:\Archivos de programa\Metrowerks\CodeWarrior CW08_V3.0\lib\hc08c\include;D:\Archivos de programa\Metrowerks\CodeWarrior CW08_V3.0\Bin\Plugins\support\ProcessorExpert\PESL\HC08;D:\Archivos de programa\Metrowerks\CodeWarrior CW08_V3.0\lib\HC08c\INCLUDE" -Env"LIBPATH=D:\Archivos de programa\Metrowerks\CodeWarrior CW08_V3.0\lib\HC08c\INCLUDE" -EnvOBJPATH=Z:\vph1\maestro\v7\casa\bin -EnvTEXTPATH=Z:\vph1\maestro\v7\casa\bin -Lasm=%n.lst -ObjN=Z:\vph1\maestro\v7\casa\vph1_Data\P&E_PEDebug_FCS-ICS-ICD\ObjectCode\Cpu.C.o -Qvtpfar -WmsgSd1106

  208:    /* Common initialization of the CPU registers */
  209:  /* PTCPUE: PTCPUE5=0,PTCPUE4=0,PTCPUE3=0 */
  210:    output( PTCPUE, input( PTCPUE ) & ~56 );
  0000 b600             LDA   _PTCPUE
  0002 a4c7             AND   #-57
  0004 b700             STA   _PTCPUE
  211:  /* DDRC: DDRC5=0,DDRC4=0,DDRC3=0 */
  212:    output( DDRC, input( DDRC ) & ~56 );
  0006 b600             LDA   _DDRC
  0008 a4c7             AND   #-57
  000a b700             STA   _DDRC
  213:    /* ### MC68HC908GP32_44 "Cpu" init code ... */
  214:    /* ### Asynchro serial "Terminal" init code ... */
  215:    /* PTE: PTE0=1 */
  216:    PTE |= 1;
  000c 1000             BSET  0,_PTE
  217:    /* DDRE: DDRE0=1 */
  218:    DDRE |= 1;
  000e 1000             BSET  0,_DDRE
  219:    Terminal_Init();
  0010 cd0000           JSR   Terminal_Init
  220:    /* ### External interrupt "IRQ" init code ... */
  221:    INTSCR_MODE = 1;                     /* Set low level and falling edge */
  0013 1000             BSET  0,_INTSCR
  222:    INTSCR_IMASK = 1;
  0015 1200             BSET  1,_INTSCR
  223:    INTSCR_ACK = 1;
  0017 1400             BSET  2,_INTSCR
  224:    INTSCR_IMASK = 0;
  0019 1300             BCLR  1,_INTSCR
  225:    /* ### TimerInt "TIMER" init code ... */
  226:    TIMER_Init();
  001b cd0000           JSR   TIMER_Init
  227:    __DI();                              /* Disable interrupts */
  001e 9b               SEI   
  228:  }
  001f 81               RTS   
  229:  
  230:  /* END Cpu. */
  231:  
  232:  /*
  233:  ** ###################################################################
  234:  **
  235:  **     This file was created by UNIS Processor Expert 03.23 for 
  236:  **     the Motorola HC08 series of microcontrollers.
  237:  **
  238:  ** ###################################################################
  239:  */
  240:  
