ANSI-C/cC++ Compiler for HC08 V-5.0.17, Apr 22 2003

    1:  /*
    2:  ** ###################################################################
    3:  **
    4:  **     THIS BEAN MODULE IS GENERATED BY THE TOOL. DO NOT MODIFY IT.
    5:  **
    6:  **     Filename  : TIMER.C
    7:  **
    8:  **     Project   : vph1
    9:  ** 
   10:  **     Processor : MC68HC908GP32CFB
   11:  **
   12:  **     Beantype  : TimerInt
   13:  **
   14:  **     Version   : Bean 02.059, Driver 01.16, CPU db: 2.89.000
   15:  **
   16:  **     Compiler  : Metrowerks HC08 C Compiler
   17:  **
   18:  **     Date/Time : 05/01/2007, 11:43
   19:  **
   20:  **     Abstract  :
   21:  **
   22:  **         This bean "TimerInt" implements a periodic interrupt.
   23:  **         When the bean and its events are enabled, the "OnInterrupt"
   24:  **         event is called periodically with the period that you specify.
   25:  **         TimerInt supports also changing the period in runtime.
   26:  **         The source of periodic interrupt can be timer compare or reload 
   27:  **         register or timer-overflow interrupt (of free running counter).
   28:  **
   29:  **     Settings  :
   30:  **
   31:  **         Timer name                  : TIM2 (16-bit)
   32:  **         Compare name                : TIM20
   33:  **         Counter shared              : No
   34:  **
   35:  **         High-speed CPU mode
   36:  **             Prescaler               : divide-by-1
   37:  **             Clock                   : 2457600 Hz
   38:  **           Initial period/frequency
   39:  **             Xtal ticks              : 33
   40:  **             microseconds            : 1000
   41:  **             milliseconds            : 1
   42:  **             seconds (real)          : 0.0009998
   43:  **             Hz                      : 1000
   44:  **             kHz                     : 1
   45:  **
   46:  **         Runtime setting             : none
   47:  **
   48:  **         Initialization:
   49:  **              Timer                  : Enabled
   50:  **              Events                 : Enabled
   51:  **
   52:  **         Timer registers
   53:  **              Counter                : T2CNT     [44]
   54:  **              Mode                   : T2SC      [43]
   55:  **              Run                    : T2SC      [43]
   56:  **              Prescaler              : T2SC      [43]
   57:  **
   58:  **         Compare registers
   59:  **              Compare                : T2CH0     [49]
   60:  **
   61:  **         Flip-flop registers
   62:  **              Mode                   : T2SC0     [48]
   63:  **
   64:  **     Contents  :
   65:  **
   66:  **         No public methods
   67:  **
   68:  **
   69:  **     (c) Copyright UNIS, spol. s r.o. 1997-2002
   70:  **
   71:  **     UNIS, spol. s r.o.
   72:  **     Jundrovska 33
   73:  **     624 00 Brno
   74:  **     Czech Republic
   75:  **
   76:  **     http      : www.processorexpert.com
   77:  **     mail      : info@processorexpert.com
   78:  **
   79:  ** ###################################################################
   80:  */
   81:  
   82:  
   83:  /* MODULE TIMER. */
   84:  
   85:  #include "Events.h"
   86:  #include "PE_Error.h"
   87:  #include "TIMER.h"
   88:  
   89:  #pragma MESSAGE DISABLE C2705          /* WARNING C2705: Possible loss of data */
   90:  #pragma MESSAGE DISABLE C5919          /* WARNING C5919: Conversion of floating to unsigned integral */
   91:  
   92:  
   93:  
   94:  /*
   95:  ** ===================================================================
   96:  **     Method      :  SetCV (bean TimerInt)
   97:  **
   98:  **     Description :
   99:  **         This method is internal. It is used by Processor Expert
  100:  **         only.
  101:  ** ===================================================================
  102:  */
  103:  static void SetCV(word Val)
  104:  {

Function: SetCV
Source  : Z:\vph1\maestro\v7\casa\Code\TIMER.C
Options : -Cc -Env"GENPATH=Z:\vph1\maestro\v7\casa;Z:\vph1\maestro\v7\casa\bin;Z:\vph1\maestro\v7\casa\cmd;*Z:\vph1\maestro\v7\casa\Code;Z:\vph1\maestro\v7\casa\prm;D:\Archivos de programa\Metrowerks\CodeWarrior CW08_V3.0\lib\HC08c\LIB;D:\Archivos de programa\Metrowerks\CodeWarrior CW08_V3.0\lib\HC08c\src;*D:\Archivos de programa\Metrowerks\CodeWarrior CW08_V3.0\Bin\Plugins\support\ProcessorExpert;*Z:\vph1\maestro\v7\Comun;*Z:\vph1\maestro\v7;Z:\vph1\maestro\v7\casa\doc;D:\Archivos de programa\Metrowerks\CodeWarrior CW08_V3.0\lib\hc08c\include;D:\Archivos de programa\Metrowerks\CodeWarrior CW08_V3.0\Bin\Plugins\support\ProcessorExpert\PESL\HC08;D:\Archivos de programa\Metrowerks\CodeWarrior CW08_V3.0\lib\HC08c\INCLUDE" -Env"LIBPATH=D:\Archivos de programa\Metrowerks\CodeWarrior CW08_V3.0\lib\HC08c\INCLUDE" -EnvOBJPATH=Z:\vph1\maestro\v7\casa\bin -EnvTEXTPATH=Z:\vph1\maestro\v7\casa\bin -Lasm=%n.lst -ObjN=Z:\vph1\maestro\v7\casa\vph1_Data\P&E_PEDebug_FCS-ICS-ICD\ObjectCode\TIMER.C.o -Qvtpfar -WmsgSd1106 -WmsgSd2705 -WmsgSd5919

  105:    T2CH0H = (*(TWREG*)&Val).b.high;     /* Store given value to the compare register */
  0000 bf00             STX   _T2CH0H
  106:    T2MODH = (*(TWREG*)&Val).b.high;     /* and to the modulo register */
  0002 bf00             STX   _T2MODH
  107:    T2CH0L = (*(TWREG*)&Val).b.low;
  0004 b700             STA   _T2CH0L
  108:    T2MODL = (*(TWREG*)&Val).b.low;
  0006 b700             STA   _T2MODL
  109:  }
  0008 81               RTS   
  110:  
  111:  /*
  112:  ** ===================================================================
  113:  **     Method      :  SetPV (bean TimerInt)
  114:  **
  115:  **     Description :
  116:  **         This method is internal. It is used by Processor Expert
  117:  **         only.
  118:  ** ===================================================================
  119:  */
  120:  static void SetPV(byte Val)
  121:  {

Function: SetPV
Source  : Z:\vph1\maestro\v7\casa\Code\TIMER.C
Options : -Cc -Env"GENPATH=Z:\vph1\maestro\v7\casa;Z:\vph1\maestro\v7\casa\bin;Z:\vph1\maestro\v7\casa\cmd;*Z:\vph1\maestro\v7\casa\Code;Z:\vph1\maestro\v7\casa\prm;D:\Archivos de programa\Metrowerks\CodeWarrior CW08_V3.0\lib\HC08c\LIB;D:\Archivos de programa\Metrowerks\CodeWarrior CW08_V3.0\lib\HC08c\src;*D:\Archivos de programa\Metrowerks\CodeWarrior CW08_V3.0\Bin\Plugins\support\ProcessorExpert;*Z:\vph1\maestro\v7\Comun;*Z:\vph1\maestro\v7;Z:\vph1\maestro\v7\casa\doc;D:\Archivos de programa\Metrowerks\CodeWarrior CW08_V3.0\lib\hc08c\include;D:\Archivos de programa\Metrowerks\CodeWarrior CW08_V3.0\Bin\Plugins\support\ProcessorExpert\PESL\HC08;D:\Archivos de programa\Metrowerks\CodeWarrior CW08_V3.0\lib\HC08c\INCLUDE" -Env"LIBPATH=D:\Archivos de programa\Metrowerks\CodeWarrior CW08_V3.0\lib\HC08c\INCLUDE" -EnvOBJPATH=Z:\vph1\maestro\v7\casa\bin -EnvTEXTPATH=Z:\vph1\maestro\v7\casa\bin -Lasm=%n.lst -ObjN=Z:\vph1\maestro\v7\casa\vph1_Data\P&E_PEDebug_FCS-ICS-ICD\ObjectCode\TIMER.C.o -Qvtpfar -WmsgSd1106 -WmsgSd2705 -WmsgSd5919

  0000 87               PSHA  
  122:    T2SC_PS = Val;                       /* Store given value to the prescaler */
  0001 b600             LDA   _T2SC
  0003 87               PSHA  
  0004 95               TSX   
  0005 e801             EOR   1,X
  0007 a407             AND   #7
  0009 f8               EOR   ,X
  000a b700             STA   _T2SC
  123:    T2SC_TRST = 1;                       /* Reset counter */
  000c 1800             BSET  4,_T2SC
  124:  }
  000e a702             AIS   #2
  0010 81               RTS   
  125:  
  126:  /*
  127:  ** ===================================================================
  128:  **     Method      :  TIMER_Init (bean TimerInt)
  129:  **
  130:  **     Description :
  131:  **         This method is internal. It is used by Processor Expert
  132:  **         only.
  133:  ** ===================================================================
  134:  */
  135:  void TIMER_Init(void)
  136:  {

Function: TIMER_Init
Source  : Z:\vph1\maestro\v7\casa\Code\TIMER.C
Options : -Cc -Env"GENPATH=Z:\vph1\maestro\v7\casa;Z:\vph1\maestro\v7\casa\bin;Z:\vph1\maestro\v7\casa\cmd;*Z:\vph1\maestro\v7\casa\Code;Z:\vph1\maestro\v7\casa\prm;D:\Archivos de programa\Metrowerks\CodeWarrior CW08_V3.0\lib\HC08c\LIB;D:\Archivos de programa\Metrowerks\CodeWarrior CW08_V3.0\lib\HC08c\src;*D:\Archivos de programa\Metrowerks\CodeWarrior CW08_V3.0\Bin\Plugins\support\ProcessorExpert;*Z:\vph1\maestro\v7\Comun;*Z:\vph1\maestro\v7;Z:\vph1\maestro\v7\casa\doc;D:\Archivos de programa\Metrowerks\CodeWarrior CW08_V3.0\lib\hc08c\include;D:\Archivos de programa\Metrowerks\CodeWarrior CW08_V3.0\Bin\Plugins\support\ProcessorExpert\PESL\HC08;D:\Archivos de programa\Metrowerks\CodeWarrior CW08_V3.0\lib\HC08c\INCLUDE" -Env"LIBPATH=D:\Archivos de programa\Metrowerks\CodeWarrior CW08_V3.0\lib\HC08c\INCLUDE" -EnvOBJPATH=Z:\vph1\maestro\v7\casa\bin -EnvTEXTPATH=Z:\vph1\maestro\v7\casa\bin -Lasm=%n.lst -ObjN=Z:\vph1\maestro\v7\casa\vph1_Data\P&E_PEDebug_FCS-ICS-ICD\ObjectCode\TIMER.C.o -Qvtpfar -WmsgSd1106 -WmsgSd2705 -WmsgSd5919

  137:    /* T2SC: TOF=0,TOIE=0,TSTOP=1,TRST=1,??=0,PS2=0,PS1=0,PS0=0 */
  138:    T2SC = 48;                           /* Set up (output) compare mode */
  0000 6e3000           MOV   #48,_T2SC
  139:    /* T2SC0: CH0F=0,CH0IE=1,MS0B=0,MS0A=1,ELS0B=0,ELS0A=0,TOV0=0,CH0MAX=0 */
  140:    T2SC0 = 80;
  0003 6e5000           MOV   #80,_T2SC0
  141:    SetCV(2457);                         /* Store appropriate value to the compare register according to the selected high speed CPU mode */
  0006 a699             LDA   #-103
  0008 ae09             LDX   #9
  000a ad00             BSR   SetCV
  142:    SetPV(0);                            /* Set prescaler register according to the selected high speed CPU mode */
  000c 4f               CLRA  
  000d ad00             BSR   SetPV
  143:    T2SC_TSTOP = 0;                      /* Run counter */
  000f 1b00             BCLR  5,_T2SC
  144:  }
  0011 81               RTS   
  145:  
  146:  /*
  147:  ** ===================================================================
  148:  **     Method      :  TIMER_Interrupt (bean TimerInt)
  149:  **
  150:  **     Description :
  151:  **         This method is internal. It is used by Processor Expert
  152:  **         only.
  153:  ** ===================================================================
  154:  */
  155:  __interrupt void TIMER_Interrupt(void)
  156:  {

Function: TIMER_Interrupt
Source  : Z:\vph1\maestro\v7\casa\Code\TIMER.C
Options : -Cc -Env"GENPATH=Z:\vph1\maestro\v7\casa;Z:\vph1\maestro\v7\casa\bin;Z:\vph1\maestro\v7\casa\cmd;*Z:\vph1\maestro\v7\casa\Code;Z:\vph1\maestro\v7\casa\prm;D:\Archivos de programa\Metrowerks\CodeWarrior CW08_V3.0\lib\HC08c\LIB;D:\Archivos de programa\Metrowerks\CodeWarrior CW08_V3.0\lib\HC08c\src;*D:\Archivos de programa\Metrowerks\CodeWarrior CW08_V3.0\Bin\Plugins\support\ProcessorExpert;*Z:\vph1\maestro\v7\Comun;*Z:\vph1\maestro\v7;Z:\vph1\maestro\v7\casa\doc;D:\Archivos de programa\Metrowerks\CodeWarrior CW08_V3.0\lib\hc08c\include;D:\Archivos de programa\Metrowerks\CodeWarrior CW08_V3.0\Bin\Plugins\support\ProcessorExpert\PESL\HC08;D:\Archivos de programa\Metrowerks\CodeWarrior CW08_V3.0\lib\HC08c\INCLUDE" -Env"LIBPATH=D:\Archivos de programa\Metrowerks\CodeWarrior CW08_V3.0\lib\HC08c\INCLUDE" -EnvOBJPATH=Z:\vph1\maestro\v7\casa\bin -EnvTEXTPATH=Z:\vph1\maestro\v7\casa\bin -Lasm=%n.lst -ObjN=Z:\vph1\maestro\v7\casa\vph1_Data\P&E_PEDebug_FCS-ICS-ICD\ObjectCode\TIMER.C.o -Qvtpfar -WmsgSd1106 -WmsgSd2705 -WmsgSd5919

  0000 8b               PSHH  
  157:    T2SC0_CHxF = 0;                      /* Reset interrupt request flag */
  0001 1f00             BCLR  7,_T2SC0
  158:    TIMER_OnInterrupt();                 /* Invoke user event */
  0003 cd0000           JSR   TIMER_OnInterrupt
  159:  }
  0006 8a               PULH  
  0007 80               RTI   
  160:  
  161:  
  162:  /* END TIMER. */
  163:  
  164:  /*
  165:  ** ###################################################################
  166:  **
  167:  **     This file was created by UNIS Processor Expert 03.23 for 
  168:  **     the Motorola HC08 series of microcontrollers.
  169:  **
  170:  ** ###################################################################
  171:  */
  172:  
