ANSI-C/cC++ Compiler for HC08 V-5.0.17, Apr 22 2003

    1:  /*
    2:  ** ###################################################################
    3:  **
    4:  **     THIS BEAN MODULE IS GENERATED BY THE TOOL. DO NOT MODIFY IT.
    5:  **
    6:  **     Filename  : IRQ.C
    7:  **
    8:  **     Project   : vph1
    9:  ** 
   10:  **     Processor : MC68HC908GP32CFB
   11:  **
   12:  **     Beantype  : ExtInt
   13:  **
   14:  **     Version   : Bean 02.024, Driver 01.17, CPU db: 2.89.000
   15:  **
   16:  **     Compiler  : Metrowerks HC08 C Compiler
   17:  **
   18:  **     Date/Time : 22/7/05, 11:14
   19:  **
   20:  **     Abstract  :
   21:  **
   22:  **         This bean "ExtInt" implements an external 
   23:  **         interrupt, its control methods and interrupt/event 
   24:  **         handling procedure.
   25:  **         The bean uses one pin which generates interrupt on 
   26:  **         selected edge.
   27:  **
   28:  **     Settings  :
   29:  **
   30:  **         Interrupt name              : INT_IRQ
   31:  **         User handling procedure     : IRQ_OnInterrupt
   32:  **
   33:  **         Used pin                    : 
   34:  **             ----------------------------------------------------
   35:  **                Number (on package)  |    Name
   36:  **             ----------------------------------------------------
   37:  **                       11            |  IRQ
   38:  **             ----------------------------------------------------
   39:  **
   40:  **         Signal edge/level           : low
   41:  **         Initial state               : Enabled
   42:  **
   43:  **         Edge register               : INTSCR    [29]
   44:  **         Enable register             : INTSCR    [29]
   45:  **         Request register            : INTSCR    [29]
   46:  **
   47:  **
   48:  **     Contents  :
   49:  **
   50:  **         No public methods
   51:  **
   52:  **
   53:  **     (c) Copyright UNIS, spol. s r.o. 1997-2002
   54:  **
   55:  **     UNIS, spol. s r.o.
   56:  **     Jundrovska 33
   57:  **     624 00 Brno
   58:  **     Czech Republic
   59:  **
   60:  **     http      : www.processorexpert.com
   61:  **     mail      : info@processorexpert.com
   62:  **
   63:  ** ###################################################################
   64:  */
   65:  
   66:  #include "IRQ.h"
   67:  
   68:  /*Including shared modules, which are used for all project*/
   69:  #include "PE_Types.h"
   70:  #include "PE_Error.h"
   71:  #include "PE_Const.h"
   72:  #include "IO_Map.h"
   73:  #include "Events.h"
   74:  #include "Cpu.h"
   75:  
   76:  #pragma MESSAGE DISABLE C4002          /* Disable warning C4002 "Result not used" */
   77:  
   78:  /*
   79:  ** ===================================================================
   80:  **     Method      :  IRQ_Interrupt (bean ExtInt)
   81:  **
   82:  **     Description :
   83:  **         This method is internal. It is used by Processor Expert
   84:  **         only.
   85:  ** ===================================================================
   86:  */
   87:  __interrupt void IRQ_Interrupt(void)
   88:  {

Function: IRQ_Interrupt
Source  : Z:\vph1\personalizado\pdido 008\v7\calle\Code\IRQ.C
Options : -Cc -Env"GENPATH=Z:\vph1\personalizado\pdido 008\v7\calle;Z:\vph1\personalizado\pdido 008\v7\calle\bin;Z:\vph1\personalizado\pdido 008\v7\calle\cmd;*Z:\vph1\personalizado\pdido 008\v7\calle\Code;Z:\vph1\personalizado\pdido 008\v7\calle\prm;D:\Archivos de programa\Metrowerks\CodeWarrior CW08_V3.0\lib\HC08c\LIB;D:\Archivos de programa\Metrowerks\CodeWarrior CW08_V3.0\lib\HC08c\src;*D:\Archivos de programa\Metrowerks\CodeWarrior CW08_V3.0\Bin\Plugins\support\ProcessorExpert;*Z:\vph1\personalizado\pdido 008\v7\Comun;*Z:\vph1\personalizado\pdido 008\v7;Z:\vph1\personalizado\pdido 008\v7\calle\doc;D:\Archivos de programa\Metrowerks\CodeWarrior CW08_V3.0\lib\hc08c\include;D:\Archivos de programa\Metrowerks\CodeWarrior CW08_V3.0\Bin\Plugins\support\ProcessorExpert\PESL\HC08;D:\Archivos de programa\Metrowerks\CodeWarrior CW08_V3.0\lib\HC08c\INCLUDE" -Env"LIBPATH=D:\Archivos de programa\Metrowerks\CodeWarrior CW08_V3.0\lib\HC08c\INCLUDE" -Env"OBJPATH=Z:\vph1\personalizado\pdido 008\v7\calle\bin" -Env"TEXTPATH=Z:\vph1\personalizado\pdido 008\v7\calle\bin" -Lasm=%n.lst -ObjN="Z:\vph1\personalizado\pdido 008\v7\calle\vph1_Data\P&E_PEDebug_FCS-ICS-ICD\ObjectCode\IRQ.C.o" -WmsgSd1106 -WmsgSd4002

  0000 8b               PSHH  
   89:    IRQ_OnInterrupt();
  0001 cd0000           JSR   IRQ_OnInterrupt
   90:  }
  0004 8a               PULH  
  0005 80               RTI   
   91:  
   92:  /*
   93:  ** ###################################################################
   94:  **
   95:  **     This file was created by UNIS Processor Expert 03.23 for 
   96:  **     the Motorola HC08 series of microcontrollers.
   97:  **
   98:  ** ###################################################################
   99:  */
  100:  
