ANSI-C/cC++ Compiler for HC08 V-5.0.15, Apr 11 2002

    1:  /*
    2:  ** ###################################################################
    3:  **
    4:  **     Filename  : vph1.C
    5:  **
    6:  **     Project   : vph1
    7:  ** 
    8:  **     Processor : MC68HC908GP32CFB
    9:  **

Function: CBuffer::CBuffer( const CBuffer&)
Source  : Z:\vph1\portatil\v1\Code\main.cpp
Options : -Cc -Env"GENPATH=Z:\vph1\portatil\v1;Z:\vph1\portatil\v1\bin;Z:\vph1\portatil\v1\cmd;*Z:\vph1\portatil\v1\Code;Z:\vph1\portatil\v1\prm;D:\Archivos de programa\Metrowerks\CodeWarrior HC08_V2.0\lib\HC08c\LIB;D:\Archivos de programa\Metrowerks\CodeWarrior HC08_V2.0\lib\HC08c\src;*D:\Archivos de programa\Metrowerks\CodeWarrior HC08_V2.0\Bin\Plugins\support\ProcessorExpert;*Z:\vph1\portatil;D:\Archivos de programa\Metrowerks\CodeWarrior HC08_V2.0\lib\HC08c\INCLUDE" -Env"LIBPATH=D:\Archivos de programa\Metrowerks\CodeWarrior HC08_V2.0\lib\HC08c\INCLUDE" -EnvOBJPATH=Z:\vph1\portatil\v1\bin -EnvTEXTPATH=Z:\vph1\portatil\v1\bin -Lasm=%n.lst -ObjN=Z:\vph1\portatil\v1\vph1_Data\P&E_PEDebug_FCS-ICS-ICD\ObjectCode\main.cpp.o -Qvtpfar -WmsgSd1106


No source information available for functions created by the compiler internally
  0000 87               PSHA  
  0001 89               PSHX  
  0002 89               PSHX  
  0003 8a               PULH  
  0004 97               TAX   
  0005 e601             LDA   1,X
  0007 87               PSHA  
  0008 f6               LDA   ,X
  0009 87               PSHA  
  000a 95               TSX   
  000b e606             LDA   6,X
  000d 87               PSHA  
  000e ee07             LDX   7,X
  0010 9ee603           LDA   3,SP
  0013 8a               PULH  
  0014 e701             STA   1,X
  0016 86               PULA  
  0017 f7               STA   ,X
  0018 95               TSX   
  0019 e601             LDA   1,X
  001b 87               PSHA  
  001c ee02             LDX   2,X
  001e 8a               PULH  
  001f e603             LDA   3,X
  0021 ee02             LDX   2,X
  0023 9ee701           STA   1,SP
  0026 9ee606           LDA   6,SP
  0029 87               PSHA  
  002a 8a               PULH  
  002b 86               PULA  
  002c 89               PSHX  
  002d 9eee07           LDX   7,SP
  0030 e703             STA   3,X
  0032 86               PULA  
  0033 e702             STA   2,X
  0035 95               TSX   
  0036 f6               LDA   ,X
  0037 87               PSHA  
  0038 ee01             LDX   1,X
  003a 8a               PULH  
  003b e605             LDA   5,X
  003d ee04             LDX   4,X
  003f 87               PSHA  
  0040 9ee606           LDA   6,SP
  0043 87               PSHA  
  0044 8a               PULH  
  0045 86               PULA  
  0046 89               PSHX  
  0047 9eee07           LDX   7,SP
  004a e705             STA   5,X
  004c 86               PULA  
  004d e704             STA   4,X
  004f a702             AIS   #2
  0051 81               RTS   

Function: CBuffer::operator =( const CBuffer&)
Source  : Z:\vph1\portatil\v1\Code\main.cpp
Options : -Cc -Env"GENPATH=Z:\vph1\portatil\v1;Z:\vph1\portatil\v1\bin;Z:\vph1\portatil\v1\cmd;*Z:\vph1\portatil\v1\Code;Z:\vph1\portatil\v1\prm;D:\Archivos de programa\Metrowerks\CodeWarrior HC08_V2.0\lib\HC08c\LIB;D:\Archivos de programa\Metrowerks\CodeWarrior HC08_V2.0\lib\HC08c\src;*D:\Archivos de programa\Metrowerks\CodeWarrior HC08_V2.0\Bin\Plugins\support\ProcessorExpert;*Z:\vph1\portatil;D:\Archivos de programa\Metrowerks\CodeWarrior HC08_V2.0\lib\HC08c\INCLUDE" -Env"LIBPATH=D:\Archivos de programa\Metrowerks\CodeWarrior HC08_V2.0\lib\HC08c\INCLUDE" -EnvOBJPATH=Z:\vph1\portatil\v1\bin -EnvTEXTPATH=Z:\vph1\portatil\v1\bin -Lasm=%n.lst -ObjN=Z:\vph1\portatil\v1\vph1_Data\P&E_PEDebug_FCS-ICS-ICD\ObjectCode\main.cpp.o -Qvtpfar -WmsgSd1106


No source information available for functions created by the compiler internally
  0000 87               PSHA  
  0001 89               PSHX  
  0002 89               PSHX  
  0003 8a               PULH  
  0004 97               TAX   
  0005 e601             LDA   1,X
  0007 87               PSHA  
  0008 f6               LDA   ,X
  0009 95               TSX   
  000a ee05             LDX   5,X
  000c 89               PSHX  
  000d 95               TSX   
  000e ee07             LDX   7,X
  0010 8a               PULH  
  0011 87               PSHA  
  0012 9ee602           LDA   2,SP
  0015 e701             STA   1,X
  0017 86               PULA  
  0018 f7               STA   ,X
  0019 95               TSX   
  001a e601             LDA   1,X
  001c 87               PSHA  
  001d ee02             LDX   2,X
  001f 8a               PULH  
  0020 e603             LDA   3,X
  0022 ee02             LDX   2,X
  0024 9ee701           STA   1,SP
  0027 9ee606           LDA   6,SP
  002a 87               PSHA  
  002b 8a               PULH  
  002c 86               PULA  
  002d 89               PSHX  
  002e 9eee07           LDX   7,SP
  0031 e703             STA   3,X
  0033 86               PULA  
  0034 e702             STA   2,X
  0036 95               TSX   
  0037 f6               LDA   ,X
  0038 87               PSHA  
  0039 ee01             LDX   1,X
  003b 8a               PULH  
  003c e605             LDA   5,X
  003e ee04             LDX   4,X
  0040 87               PSHA  
  0041 9ee606           LDA   6,SP
  0044 87               PSHA  
  0045 8a               PULH  
  0046 86               PULA  
  0047 89               PSHX  
  0048 9eee07           LDX   7,SP
  004b e705             STA   5,X
  004d 86               PULA  
  004e e704             STA   4,X
  0050 9f               TXA   
  0051 8b               PSHH  
  0052 88               PULX  
  0053 a702             AIS   #2
  0055 81               RTS   
    1:  #include "pe_types.h"
    2:  #include "buffer.h"
    3:  
    4:  #define BUFFER_FULL	-2
    5:  #define ERROR		-1
    6:  
    7:  #define	GENERAL_RESET			0x01
    8:  #define SIGNALLING_CONTROL		0x80
    9:  #define SELCALL_SUBAUDIO_STATUS 0x81
   10:  #define	SIGNALLING_SETUP		0x82
   11:  #define CTSS_TX_FAST_RX_FREQ	0x83
   12:  #define	RX_TONE_PROGRAM			0x84
   13:  #define	DCS_BYTE3				0x85
   14:  #define	DCS_BYTE2				0x86
   15:  #define	DCS_BYTE1				0x87
   16:  #define GENERAL_CONTROL			0x88
   17:  #define	AUDIO_CONTROL			0x8A
   18:  #define GENERAL_PURPOSE_TIMER	0x8B
   19:  #define	SELCALL_TX				0x8D
   20:  #define	IRQ_MASK				0x8E
   21:  #define IRQ_FLAG				0x8F
   22:  
   23:  #define CTCSS_MODE	 			0
   24:  #define SELCALL_MODE 			1
   25:  
   26:  #define chip_select_ClrVal() (PTC &= ~64)
   27:  #define chip_select_SetVal() (PTC |= 64)
   28:  #define DataIn_GetVal() ((PTD) & 2)
   29:  
   30:  #define DETECT_MODE		0
   31:  #define	PREDICTIVE_MODE	1
   32:  #define	UNKNOWN_TONE	0x0f
   33:  
   34:  #ifdef __cplusplus
   35:  
   36:  class CFX828
   37:  {
   38:  	public:
   39:  		CFX828 ();
   40:  		~CFX828 ();
   41:  		
   42:  		void Init ();
   43:  		int  TxZVEI (const byte *);
   44:  		int	 TxZVEI (byte tono);
   45:  		bool IsTxBufferEmpty();
   46:  		void ProgramFastCTCSS (int tono);
   47:  		void CTCSS_tx_enable (unsigned char enable);
   48:  		void PutToneTable (byte pos, int tono);
   49:  		void SetDecoderBandwidth (byte width);
   50:  		void EnableToneDecoder (bool enable, bool mode);
   51:  		void EnableCTCSSDecoder (bool enable, bool mode);
   52:  		void IRQService ();
   53:  		char GetTone ();
   54:  		bool CTCSS_Detected (void);
   55:  		void SetRepeatTone (byte tono = 0xe) {_RepeatTone = tono;}

Function: CFX828::SetRepeatTone( unsigned char)
Source  : Z:\vph1\portatil\v2\Comun\fx828.h
Options : -Cc -Env"GENPATH=Z:\vph1\portatil\v1;Z:\vph1\portatil\v1\bin;Z:\vph1\portatil\v1\cmd;*Z:\vph1\portatil\v1\Code;Z:\vph1\portatil\v1\prm;D:\Archivos de programa\Metrowerks\CodeWarrior HC08_V2.0\lib\HC08c\LIB;D:\Archivos de programa\Metrowerks\CodeWarrior HC08_V2.0\lib\HC08c\src;*D:\Archivos de programa\Metrowerks\CodeWarrior HC08_V2.0\Bin\Plugins\support\ProcessorExpert;*Z:\vph1\portatil;D:\Archivos de programa\Metrowerks\CodeWarrior HC08_V2.0\lib\HC08c\INCLUDE" -Env"LIBPATH=D:\Archivos de programa\Metrowerks\CodeWarrior HC08_V2.0\lib\HC08c\INCLUDE" -EnvOBJPATH=Z:\vph1\portatil\v1\bin -EnvTEXTPATH=Z:\vph1\portatil\v1\bin -Lasm=%n.lst -ObjN=Z:\vph1\portatil\v1\vph1_Data\P&E_PEDebug_FCS-ICS-ICD\ObjectCode\main.cpp.o -Qvtpfar -WmsgSd1106

  0000 87               PSHA  
  0001 95               TSX   
  0002 e603             LDA   3,X
  0004 87               PSHA  
  0005 ee04             LDX   4,X
  0007 9ee602           LDA   2,SP
  000a 8a               PULH  
  000b e704             STA   4,X
  000d 8a               PULH  
  000e 81               RTS   

Function: CFX828::CFX828( const CFX828&)
Source  : Z:\vph1\portatil\v1\Code\main.cpp
Options : -Cc -Env"GENPATH=Z:\vph1\portatil\v1;Z:\vph1\portatil\v1\bin;Z:\vph1\portatil\v1\cmd;*Z:\vph1\portatil\v1\Code;Z:\vph1\portatil\v1\prm;D:\Archivos de programa\Metrowerks\CodeWarrior HC08_V2.0\lib\HC08c\LIB;D:\Archivos de programa\Metrowerks\CodeWarrior HC08_V2.0\lib\HC08c\src;*D:\Archivos de programa\Metrowerks\CodeWarrior HC08_V2.0\Bin\Plugins\support\ProcessorExpert;*Z:\vph1\portatil;D:\Archivos de programa\Metrowerks\CodeWarrior HC08_V2.0\lib\HC08c\INCLUDE" -Env"LIBPATH=D:\Archivos de programa\Metrowerks\CodeWarrior HC08_V2.0\lib\HC08c\INCLUDE" -EnvOBJPATH=Z:\vph1\portatil\v1\bin -EnvTEXTPATH=Z:\vph1\portatil\v1\bin -Lasm=%n.lst -ObjN=Z:\vph1\portatil\v1\vph1_Data\P&E_PEDebug_FCS-ICS-ICD\ObjectCode\main.cpp.o -Qvtpfar -WmsgSd1106


No source information available for functions created by the compiler internally
  0000 87               PSHA  
  0001 89               PSHX  
  0002 89               PSHX  
  0003 8a               PULH  
  0004 97               TAX   
  0005 e601             LDA   1,X
  0007 87               PSHA  
  0008 f6               LDA   ,X
  0009 87               PSHA  
  000a 95               TSX   
  000b e606             LDA   6,X
  000d 87               PSHA  
  000e ee07             LDX   7,X
  0010 9ee603           LDA   3,SP
  0013 8a               PULH  
  0014 e701             STA   1,X
  0016 86               PULA  
  0017 f7               STA   ,X
  0018 95               TSX   
  0019 e601             LDA   1,X
  001b 87               PSHA  
  001c ee02             LDX   2,X
  001e 8a               PULH  
  001f e603             LDA   3,X
  0021 ee02             LDX   2,X
  0023 9ee701           STA   1,SP
  0026 9ee606           LDA   6,SP
  0029 87               PSHA  
  002a 8a               PULH  
  002b 86               PULA  
  002c 89               PSHX  
  002d 9eee07           LDX   7,SP
  0030 e703             STA   3,X
  0032 86               PULA  
  0033 e702             STA   2,X
  0035 95               TSX   
  0036 f6               LDA   ,X
  0037 87               PSHA  
  0038 ee01             LDX   1,X
  003a 8a               PULH  
  003b e604             LDA   4,X
  003d 95               TSX   
  003e ee04             LDX   4,X
  0040 89               PSHX  
  0041 95               TSX   
  0042 ee06             LDX   6,X
  0044 8a               PULH  
  0045 e704             STA   4,X
  0047 a702             AIS   #2
  0049 81               RTS   

Function: CFX828::operator =( const CFX828&)
Source  : Z:\vph1\portatil\v1\Code\main.cpp
Options : -Cc -Env"GENPATH=Z:\vph1\portatil\v1;Z:\vph1\portatil\v1\bin;Z:\vph1\portatil\v1\cmd;*Z:\vph1\portatil\v1\Code;Z:\vph1\portatil\v1\prm;D:\Archivos de programa\Metrowerks\CodeWarrior HC08_V2.0\lib\HC08c\LIB;D:\Archivos de programa\Metrowerks\CodeWarrior HC08_V2.0\lib\HC08c\src;*D:\Archivos de programa\Metrowerks\CodeWarrior HC08_V2.0\Bin\Plugins\support\ProcessorExpert;*Z:\vph1\portatil;D:\Archivos de programa\Metrowerks\CodeWarrior HC08_V2.0\lib\HC08c\INCLUDE" -Env"LIBPATH=D:\Archivos de programa\Metrowerks\CodeWarrior HC08_V2.0\lib\HC08c\INCLUDE" -EnvOBJPATH=Z:\vph1\portatil\v1\bin -EnvTEXTPATH=Z:\vph1\portatil\v1\bin -Lasm=%n.lst -ObjN=Z:\vph1\portatil\v1\vph1_Data\P&E_PEDebug_FCS-ICS-ICD\ObjectCode\main.cpp.o -Qvtpfar -WmsgSd1106


No source information available for functions created by the compiler internally
  0000 87               PSHA  
  0001 89               PSHX  
  0002 89               PSHX  
  0003 8a               PULH  
  0004 97               TAX   
  0005 e604             LDA   4,X
  0007 95               TSX   
  0008 ee04             LDX   4,X
  000a 89               PSHX  
  000b 95               TSX   
  000c ee06             LDX   6,X
  000e 8a               PULH  
  000f e704             STA   4,X
  0011 95               TSX   
  0012 f6               LDA   ,X
  0013 87               PSHA  
  0014 ee01             LDX   1,X
  0016 8a               PULH  
  0017 e601             LDA   1,X
  0019 fe               LDX   ,X
  001a 87               PSHA  
  001b 9ee606           LDA   6,SP
  001e 87               PSHA  
  001f 8a               PULH  
  0020 86               PULA  
  0021 89               PSHX  
  0022 9eee07           LDX   7,SP
  0025 e701             STA   1,X
  0027 86               PULA  
  0028 f7               STA   ,X
  0029 95               TSX   
  002a f6               LDA   ,X
  002b 87               PSHA  
  002c ee01             LDX   1,X
  002e 8a               PULH  
  002f e603             LDA   3,X
  0031 ee02             LDX   2,X
  0033 87               PSHA  
  0034 9ee606           LDA   6,SP
  0037 87               PSHA  
  0038 8a               PULH  
  0039 86               PULA  
  003a 89               PSHX  
  003b 9eee07           LDX   7,SP
  003e e703             STA   3,X
  0040 86               PULA  
  0041 e702             STA   2,X
  0043 9f               TXA   
  0044 8b               PSHH  
  0045 88               PULX  
  0046 a702             AIS   #2
  0048 81               RTS   
   10:  **     Version   : Driver 01.00
   11:  **
   12:  **     Compiler  : Metrowerks HC08 C Compiler V-5.0.13
   13:  **
   14:  **     Date/Time : 4/17/jueves, 15:23
   15:  **
   16:  **     Abstract  :
   17:  **
   18:  **         Main module. 
   19:  **         Here is to be placed user's code.
   20:  **
   21:  **     Settings  :
   22:  **
   23:  **
   24:  **     Contents  :
   25:  **
   26:  **         No public methods
   27:  **
   28:  **
   29:  **     (c) Copyright UNIS, spol. s r.o. 1997-2002
   30:  **
   31:  **     UNIS, spol. s r.o.
   32:  **     Jundrovska 33
   33:  **     624 00 Brno
   34:  **     Czech Republic
   35:  **
   36:  **     http      : www.processorexpert.com
   37:  **     mail      : info@processorexpert.com
   38:  **
   39:  ** ###################################################################
   40:  */
   41:  /* MODULE vph1 */
   42:  
   43:  // PARA QUE SE LINKE CORRECTAMENTE ASEGURARSE DE QUE LA SIGUIENTE LINEA EXISTE EN EL ARCHIVO VPH1.PRM
   44:  //     HEAP_SEGMENT					 INTO  HEAP;
   45:  
   46:  //#pragma MESSAGE DISABLE C1420 /* WARNING C1420: Result of function-call is ignored. You can uncomment this line to disable this compiler warning */
   47:  
   48:  /*Including used modules for compilling procedure*/
   49:  #include "vph1.h"
   50:  #include "Cpu.h"
   51:  #include "Events.h"
   52:  #include "TIMER.h"
   53:  #include "Teclado.h"
   54:  #include "IRQ.h"
   55:  /*Include shared modules, which are used for whole project*/
   56:  #include "PE_Types.h"
   57:  #include "PE_Error.h"
   58:  #include "PE_Const.h"
   59:  #include "IO_Map.h"
   60:  #include <stdio.h>
   61:  #include <ctype.h>
   62:  #include "delay.h"
   63:  #include "maincpp.h"
   64:  #include "io_map.h"
   65:  
   66:  #include "fx828.h"
   67:  
   68:  #define CTCSS_100	12
   69:  #define CTCSS_110	16
   70:  
   71:  #define SQL_ABIERTO	PTD_PTD4==0
   72:  #define SQL_CERRADO PTD_PTD4==1
   73:  
   74:  extern "C" byte Terminal_SendChar(byte Chr);
   75:  
   76:  unsigned int const_indicativo[1] @0xf700;
   77:  
   78:  const int RxCTCSSTable[47]={0x3d8,	/*67.0*/ 0x409,	/*69.3*/ 0x41b,	/*71.9*/
   79:  							0x44e,	/*74.4*/ 0x483,	/*77.0*/ 0x494,	/*79.7*/
   80:  							0x4cb,	/*82.5*/ 0x502,	/*85.4*/ 0x514,	/*88.5*/
   81:  							0x54c,	/*91.5*/ 0x587,	/*94.8*/ 0x594,	/*97.4*/
   82:  							0x5cb,	/*100.0*/0x607,	/*103.5*/0x645,	/*107.2*/
   83:  							0x682,	/*110.9*/0x6c0,	/*114.8*/0x6d1,	/*118.8*/
   84:  							0x710,	/*123.0*/0x750,	/*127.3*/0x7c0,	/*131.8*/
   85:  							0x802,	/*136.5*/0x884,	/*141.3*/0x886,	/*146.2*/
   86:  							0x8c9,	/*151.4*/0x90c,	/*156.7*/0x948,	/*159.8*/
   87:  							0x982,	/*162.2*/0x9c6,	/*167.9*/0xa0b,	/*173.8*/
   88:  							0xa84,	/*179.9*/0xac2,	/*183.5*/0xac9,	/*186.2*/
   89:  							0xb08,	/*189.9*/0xb44,	/*192.8*/0xb83,	/*196.6*/
   90:  							0xb8a,	/*199.5*/0xbc9,	/*203.5*/0xc06,	/*206.5*/
   91:  							0xc46,	/*210.7*/0xcc3,	/*218.1*/0xd41,	/*225.7*/
   92:  							0xd48,	/*229.1*/0xd89,	/*233.6*/0xe08,	/*241.8*/
   93:  							0xe88,	/*250.3*/0xec7};/*254.1*/
   94:  								 
   95:  const int RxZVEI1Table[15]={0xc44,	/*2400 0*/
   96:  							0x553,	/*1060 1*/
   97:  							0x5d2,	/*1160 2*/
   98:  							0x683,	/*1270 3*/
   99:  							0x70e,	/*1400 4*/
  100:  							0x7c8,	/*1530 5*/
  101:  							0x886,	/*1670 6*/
  102:  							0x949,	/*1830 7*/
  103:  							0xa42,	/*2000 8*/
  104:  							0xb43,	/*2200 9*/
  105:  							0xe46,	/*2800 A*/
  106:  							0x414,	/*810  B*/
  107:  							0x4d8,	/*970  C*/
  108:  							0x486,	/*885  D*/
  109:  							0xd45};	/*2600 E*/
  110:  
  111:  
  112:  bool SelCallDetected;
  113:  bool CTCSSDetected;
  114:  
  115:  union 		//Indicativo recibido
  116:  {
  117:  	struct
  118:  	{
  119:  		char low	:8;
  120:  		char high	:8;
  121:  	}_byte;
  122:  	int valor;
  123:  	
  124:  }IndicRx;
  125:  
  126:  void PutString (char *string)
  127:  {

Function: PutString( unsigned char*)
Source  : Z:\vph1\portatil\v1\Code\main.cpp
Options : -Cc -Env"GENPATH=Z:\vph1\portatil\v1;Z:\vph1\portatil\v1\bin;Z:\vph1\portatil\v1\cmd;*Z:\vph1\portatil\v1\Code;Z:\vph1\portatil\v1\prm;D:\Archivos de programa\Metrowerks\CodeWarrior HC08_V2.0\lib\HC08c\LIB;D:\Archivos de programa\Metrowerks\CodeWarrior HC08_V2.0\lib\HC08c\src;*D:\Archivos de programa\Metrowerks\CodeWarrior HC08_V2.0\Bin\Plugins\support\ProcessorExpert;*Z:\vph1\portatil;D:\Archivos de programa\Metrowerks\CodeWarrior HC08_V2.0\lib\HC08c\INCLUDE" -Env"LIBPATH=D:\Archivos de programa\Metrowerks\CodeWarrior HC08_V2.0\lib\HC08c\INCLUDE" -EnvOBJPATH=Z:\vph1\portatil\v1\bin -EnvTEXTPATH=Z:\vph1\portatil\v1\bin -Lasm=%n.lst -ObjN=Z:\vph1\portatil\v1\vph1_Data\P&E_PEDebug_FCS-ICS-ICD\ObjectCode\main.cpp.o -Qvtpfar -WmsgSd1106

  0000 87               PSHA  
  0001 89               PSHX  
  0002 a7fe             AIS   #-2
  128:  	int n;
  129:  	for (n=0;string[n]!=0;n++)
  0004 95               TSX   
  0005 6f01             CLR   1,X
  0007 7f               CLR   ,X
  0008 200f             BRA   L19 ;abs = 0019
  000a          LA:     
  000a ad15             BSR   L21 ;abs = 0021
  130:  		while (Terminal_SendChar (string[n])==ERR_TXFULL);
  000c f6               LDA   ,X
  000d cd0000           JSR   Terminal_SendChar
  0010 410bf7           CBEQA #11,LA ;abs = 000a
  0013 95               TSX   
  0014 6c01             INC   1,X
  0016 2601             BNE   L19 ;abs = 0019
  0018 7c               INC   ,X
  0019          L19:    
  0019 ad06             BSR   L21 ;abs = 0021
  001b 7d               TST   ,X
  001c 26ec             BNE   LA ;abs = 000a
  131:  }
  001e a704             AIS   #4
  0020 81               RTS   
  0021          L21:    
  0021 95               TSX   
  0022 e605             LDA   5,X
  0024 eb03             ADD   3,X
  0026 87               PSHA  
  0027 e602             LDA   2,X
  0029 e904             ADC   4,X
  002b 87               PSHA  
  002c 8a               PULH  
  002d 88               PULX  
  002e 81               RTS   
  132:  
  133:  CFX828 FX828;
  134:  
  135:  void AbrePuerta (void)
  136:  {

Function: AbrePuerta( void)
Source  : Z:\vph1\portatil\v1\Code\main.cpp
Options : -Cc -Env"GENPATH=Z:\vph1\portatil\v1;Z:\vph1\portatil\v1\bin;Z:\vph1\portatil\v1\cmd;*Z:\vph1\portatil\v1\Code;Z:\vph1\portatil\v1\prm;D:\Archivos de programa\Metrowerks\CodeWarrior HC08_V2.0\lib\HC08c\LIB;D:\Archivos de programa\Metrowerks\CodeWarrior HC08_V2.0\lib\HC08c\src;*D:\Archivos de programa\Metrowerks\CodeWarrior HC08_V2.0\Bin\Plugins\support\ProcessorExpert;*Z:\vph1\portatil;D:\Archivos de programa\Metrowerks\CodeWarrior HC08_V2.0\lib\HC08c\INCLUDE" -Env"LIBPATH=D:\Archivos de programa\Metrowerks\CodeWarrior HC08_V2.0\lib\HC08c\INCLUDE" -EnvOBJPATH=Z:\vph1\portatil\v1\bin -EnvTEXTPATH=Z:\vph1\portatil\v1\bin -Lasm=%n.lst -ObjN=Z:\vph1\portatil\v1\vph1_Data\P&E_PEDebug_FCS-ICS-ICD\ObjectCode\main.cpp.o -Qvtpfar -WmsgSd1106

  0000 a7fe             AIS   #-2
  137:  	int n,i;
  138:  	
  139:  	FX828.EnableToneDecoder (FALSE,SELCALL_MODE);
  0002 450000           LDHX  @FX828
  0005 89               PSHX  
  0006 8b               PSHH  
  0007 4f               CLRA  
  0008 ae01             LDX   #1
  000a cd0000           JSR   EnableToneDecoder
  000d a702             AIS   #2
  140:  	SelCallDetected = FALSE;
  000f 4f               CLRA  
  0010 c70000           STA   SelCallDetected
  141:  
  142:  	PTC_PTC4 = TRUE;
  0013 1800             BSET  4,_PTC
  143:  	for (i=0;i<2000;i++)
  0015 95               TSX   
  0016 6f01             CLR   1,X
  0018 7f               CLR   ,X
  0019          L19:    
  144:  		delay_ms(1);
  0019 a601             LDA   #1
  001b 5f               CLRX  
  001c cd0000           JSR   delay_ms
  001f 95               TSX   
  0020 6c01             INC   1,X
  0022 2601             BNE   L25 ;abs = 0025
  0024 7c               INC   ,X
  0025          L25:    
  0025 f6               LDA   ,X
  0026 87               PSHA  
  0027 ee01             LDX   1,X
  0029 8a               PULH  
  002a 6507d0           CPHX  #2000
  002d 91ea             BLT   L19 ;abs = 0019
  145:  	PTC_PTC4 = FALSE;
  002f 1900             BCLR  4,_PTC
  146:  	FX828.EnableToneDecoder (TRUE,SELCALL_MODE);
  0031 450000           LDHX  @FX828
  0034 89               PSHX  
  0035 8b               PSHH  
  0036 a601             LDA   #1
  0038 97               TAX   
  0039 cd0000           JSR   EnableToneDecoder
  147:  }
  003c a704             AIS   #4
  003e 81               RTS   
  148:  
  149:  
  150:  void maincpp (void)
  151:  {

Function: maincpp
Source  : Z:\vph1\portatil\v1\Code\main.cpp
Options : -Cc -Env"GENPATH=Z:\vph1\portatil\v1;Z:\vph1\portatil\v1\bin;Z:\vph1\portatil\v1\cmd;*Z:\vph1\portatil\v1\Code;Z:\vph1\portatil\v1\prm;D:\Archivos de programa\Metrowerks\CodeWarrior HC08_V2.0\lib\HC08c\LIB;D:\Archivos de programa\Metrowerks\CodeWarrior HC08_V2.0\lib\HC08c\src;*D:\Archivos de programa\Metrowerks\CodeWarrior HC08_V2.0\Bin\Plugins\support\ProcessorExpert;*Z:\vph1\portatil;D:\Archivos de programa\Metrowerks\CodeWarrior HC08_V2.0\lib\HC08c\INCLUDE" -Env"LIBPATH=D:\Archivos de programa\Metrowerks\CodeWarrior HC08_V2.0\lib\HC08c\INCLUDE" -EnvOBJPATH=Z:\vph1\portatil\v1\bin -EnvTEXTPATH=Z:\vph1\portatil\v1\bin -Lasm=%n.lst -ObjN=Z:\vph1\portatil\v1\vph1_Data\P&E_PEDebug_FCS-ICS-ICD\ObjectCode\main.cpp.o -Qvtpfar -WmsgSd1106

  0000 a7fc             AIS   #-4
  152:  	int n;
  153:  	unsigned int indicativo = *const_indicativo;
  0002 c60001           LDA   const_indicativo:1
  0005 95               TSX   
  0006 e703             STA   3,X
  0008 c60000           LDA   const_indicativo
  000b e702             STA   2,X
  154:  	
  155:  	DDRA_DDRA6 = FALSE;
  000d 1d00             BCLR  6,_DDRA
  156:  	DDRB_DDRB7 = TRUE;
  000f 1e00             BSET  7,_DDRB
  157:  	DDRC_DDRC4 = TRUE;
  0011 1800             BSET  4,_DDRC
  158:  	DDRC_DDRC2 = TRUE;
  0013 1400             BSET  2,_DDRC
  159:  	DDRD_DDRD4 = FALSE;
  0015 1900             BCLR  4,_DDRD
  160:  
  161:  	PTC_PTC4=FALSE;	
  0017 1900             BCLR  4,_PTC
  162:  	SelCallDetected = FALSE;
  0019 4f               CLRA  
  001a c70000           STA   SelCallDetected
  163:  	CTCSSDetected = FALSE;
  001d c70000           STA   CTCSSDetected
  0020          L20:    
  164:  
  165:  	while (Terminal_SendChar ((UCHAR)HIBYTE (indicativo))==ERR_TXFULL);
  0020 95               TSX   
  0021 e602             LDA   2,X
  0023 cd0000           JSR   Terminal_SendChar
  0026 410bf7           CBEQA #11,L20 ;abs = 0020
  0029          L29:    
  166:  	while (Terminal_SendChar ((UCHAR)LOBYTE (indicativo))==ERR_TXFULL);
  0029 95               TSX   
  002a e603             LDA   3,X
  002c cd0000           JSR   Terminal_SendChar
  002f a10b             CMP   #11
  0031 27f6             BEQ   L29 ;abs = 0029
  167:  
  168:  	EnableInterrupts;
  0033 9a               CLI   
  169:  	FX828.Init ();
  0034 a600             LDA   @FX828
  0036 ae00             LDX   @FX828:MSB
  0038 cd0000           JSR   Init
  170:  
  171:  	//Grabamos los tonos ZVEEI en la tabla  RX TONE PROGRAM TABLE
  172:  	for (n=0;n<15;n++)
  003b 95               TSX   
  003c 6f01             CLR   1,X
  003e 7f               CLR   ,X
  003f          L3F:    
  173:  		FX828.PutToneTable (n,RxZVEI1Table[n]);
  003f 450000           LDHX  @FX828
  0042 89               PSHX  
  0043 8b               PSHH  
  0044 95               TSX   
  0045 ee03             LDX   3,X
  0047 89               PSHX  
  0048 58               LSLX  
  0049 8c               CLRH  
  004a d60001           LDA   @RxZVEI1Table:1,X
  004d de0000           LDX   @RxZVEI1Table,X
  0050 cd0000           JSR   PutToneTable
  0053 a703             AIS   #3
  0055 95               TSX   
  0056 6c01             INC   1,X
  0058 2601             BNE   L5B ;abs = 005b
  005a 7c               INC   ,X
  005b          L5B:    
  005b f6               LDA   ,X
  005c 87               PSHA  
  005d ee01             LDX   1,X
  005f 8a               PULH  
  0060 65000f           CPHX  #15
  0063 91da             BLT   L3F ;abs = 003f
  174:  		
  175:  	FX828.SetDecoderBandwidth (0x0f);				//Ponemos el ancho de banda a 2.7
  0065 450000           LDHX  @FX828
  0068 89               PSHX  
  0069 8b               PSHH  
  006a a60f             LDA   #15
  006c cd0000           JSR   SetDecoderBandwidth
  006f a702             AIS   #2
  176:  	FX828.ProgramFastCTCSS (100);					//Esperamos subtonos de 100 Hz
  0071 450000           LDHX  @FX828
  0074 89               PSHX  
  0075 8b               PSHH  
  0076 a664             LDA   #100
  0078 5f               CLRX  
  0079 cd0000           JSR   ProgramFastCTCSS
  007c a702             AIS   #2
  177:  	FX828.Mod1Enable (FALSE);	//Deshabilitamos mod1		
  007e 450000           LDHX  @FX828
  0081 89               PSHX  
  0082 8b               PSHH  
  0083 4f               CLRA  
  0084 ae1f             LDX   #31
  0086 cd0000           JSR   Mod1Enable
  0089 a702             AIS   #2
  178:  	FX828.Mod2Enable (TRUE);
  008b 450000           LDHX  @FX828
  008e 89               PSHX  
  008f 8b               PSHH  
  0090 a601             LDA   #1
  0092 ae1f             LDX   #31
  0094 cd0000           JSR   Mod2Enable
  0097 a702             AIS   #2
  179:  	FX828.EnableCTCSSDecoder (FALSE, PREDICTIVE_MODE);
  0099 450000           LDHX  @FX828
  009c 89               PSHX  
  009d 8b               PSHH  
  009e 4f               CLRA  
  009f ae01             LDX   #1
  00a1 cd0000           JSR   EnableCTCSSDecoder
  00a4 a702             AIS   #2
  180:  	FX828.EnableToneDecoder (TRUE,SELCALL_MODE);
  00a6 450000           LDHX  @FX828
  00a9 89               PSHX  
  00aa 8b               PSHH  
  00ab a601             LDA   #1
  00ad 97               TAX   
  00ae cd0000           JSR   EnableToneDecoder
  00b1 a702             AIS   #2
  181:  
  182:  	for(;;)
  00b3 201a             BRA   LCF ;abs = 00cf
  00b5          LB5:    
  183:  	{	
  184:  		if (SelCallDetected)
  00b5 c60000           LDA   SelCallDetected
  00b8 2715             BEQ   LCF ;abs = 00cf
  185:  		{
  186:  			if (IndicRx.valor == indicativo)	//Hemos recibido una llamada selectiva, genera timbre
  00ba 95               TSX   
  00bb e603             LDA   3,X
  00bd 87               PSHA  
  00be e602             LDA   2,X
  00c0 87               PSHA  
  00c1 c60001           LDA   IndicRx:1
  00c4 ce0000           LDX   IndicRx
  00c7 cd0000           JSR   _ICMP
  00ca 26e9             BNE   LB5 ;abs = 00b5
  187:  			{
  188:  				AbrePuerta();
  00cc cd0000           JSR   AbrePuerta
  00cf          LCF:    
  189:  			}
  190:  		}
  191:  	}
  00cf 20e4             BRA   LB5 ;abs = 00b5
  192:  }
  193:  
  194:  #ifdef __cplusplu
  195:  	extern "C"
  196:  #endif
  197:  void MainIRQ ()
  198:  {

Function: MainIRQ
Source  : Z:\vph1\portatil\v1\Code\main.cpp
Options : -Cc -Env"GENPATH=Z:\vph1\portatil\v1;Z:\vph1\portatil\v1\bin;Z:\vph1\portatil\v1\cmd;*Z:\vph1\portatil\v1\Code;Z:\vph1\portatil\v1\prm;D:\Archivos de programa\Metrowerks\CodeWarrior HC08_V2.0\lib\HC08c\LIB;D:\Archivos de programa\Metrowerks\CodeWarrior HC08_V2.0\lib\HC08c\src;*D:\Archivos de programa\Metrowerks\CodeWarrior HC08_V2.0\Bin\Plugins\support\ProcessorExpert;*Z:\vph1\portatil;D:\Archivos de programa\Metrowerks\CodeWarrior HC08_V2.0\lib\HC08c\INCLUDE" -Env"LIBPATH=D:\Archivos de programa\Metrowerks\CodeWarrior HC08_V2.0\lib\HC08c\INCLUDE" -EnvOBJPATH=Z:\vph1\portatil\v1\bin -EnvTEXTPATH=Z:\vph1\portatil\v1\bin -Lasm=%n.lst -ObjN=Z:\vph1\portatil\v1\vph1_Data\P&E_PEDebug_FCS-ICS-ICD\ObjectCode\main.cpp.o -Qvtpfar -WmsgSd1106

  0000 8b               PSHH  
  199:  	static byte buffer[4];
  200:  	static bool bStart;
  201:  	static byte idx;
  202:  	byte tono;
  203:  	
  204:  	FX828.IRQService();
  0001 a600             LDA   @FX828
  0003 ae00             LDX   @FX828:MSB
  0005 cd0000           JSR   IRQService
  205:  
  206:  	tono = FX828.GetTone();
  0008 a600             LDA   @FX828
  000a ae00             LDX   @FX828:MSB
  000c cd0000           JSR   GetTone
  000f 95               TSX   
  0010 f7               STA   ,X
  207:  	
  208:  	if (tono!=0xff && tono!=UNKNOWN_TONE)	//Hemos detectado un tono conocido
  0011 41ff68           CBEQA #-1,L7C ;abs = 007c
  0014 410f65           CBEQA #15,L7C ;abs = 007c
  0017          L17:    
  209:  	{		
  210:  		while (Terminal_SendChar ((UCHAR)tono)==ERR_TXFULL);
  0017 95               TSX   
  0018 f6               LDA   ,X
  0019 cd0000           JSR   Terminal_SendChar
  001c 410bf8           CBEQA #11,L17 ;abs = 0017
  211:  		if (bStart==TRUE)
  001f c60000           LDA   bStart
  0022 4b49             DBNZA L6D ;abs = 006d
  212:  		{
  213:  			buffer[idx++]=tono;	
  0024 c60000           LDA   idx
  0027 97               TAX   
  0028 4c               INCA  
  0029 c70000           STA   idx
  002c 8c               CLRH  
  002d 9ee601           LDA   1,SP
  0030 d70000           STA   @buffer,X
  214:  			if (idx==4)
  0033 c60000           LDA   idx
  0036 a104             CMP   #4
  0038 2633             BNE   L6D ;abs = 006d
  003a          L3A:    
  215:  			{
  216:  				while (Terminal_SendChar ('I'));
  003a a649             LDA   #73
  003c cd0000           JSR   Terminal_SendChar
  003f 4d               TSTA  
  0040 26f8             BNE   L3A ;abs = 003a
  217:  			
  218:  				IndicRx._byte.low  = MAKEBYTE (buffer[0],buffer[1]);
  0042 450000           LDHX  @buffer
  0045 f6               LDA   ,X
  0046 62               NSA   
  0047 a4f0             AND   #-16
  0049 ea01             ORA   1,X
  004b c80000           EOR   IndicRx
  004e c80000           EOR   IndicRx
  0051 c70000           STA   IndicRx
  219:  				IndicRx._byte.high = MAKEBYTE (buffer[2],buffer[3]);
  0054 e602             LDA   2,X
  0056 62               NSA   
  0057 a4f0             AND   #-16
  0059 ea03             ORA   3,X
  005b 450001           LDHX  @IndicRx:1
  005e f8               EOR   ,X
  005f f8               EOR   ,X
  0060 f7               STA   ,X
  220:  				SelCallDetected = TRUE;	
  0061 a601             LDA   #1
  0063 c70000           STA   SelCallDetected
  221:  				idx =0;
  0066 4f               CLRA  
  0067 c70000           STA   idx
  222:  				bStart=FALSE;
  006a c70000           STA   bStart
  006d          L6D:    
  223:  			}		
  224:  		}
  225:  
  226:  		if (tono==00 && !bStart)	//Inicio de trama
  006d c60000           LDA   bStart
  0070 95               TSX   
  0071 fa               ORA   ,X
  0072 2608             BNE   L7C ;abs = 007c
  227:  		{
  228:  			idx=0;
  0074 c70000           STA   idx
  229:  			bStart=TRUE;
  0077 a601             LDA   #1
  0079 c70000           STA   bStart
  007c          L7C:    
  230:  		}		
  231:  	}
  232:  	
  233:  }
  007c 8a               PULH  
  007d 81               RTS   

Function: __ConstructorInit__
Source  : Z:\vph1\portatil\v1\Code\main.cpp
Options : -Cc -Env"GENPATH=Z:\vph1\portatil\v1;Z:\vph1\portatil\v1\bin;Z:\vph1\portatil\v1\cmd;*Z:\vph1\portatil\v1\Code;Z:\vph1\portatil\v1\prm;D:\Archivos de programa\Metrowerks\CodeWarrior HC08_V2.0\lib\HC08c\LIB;D:\Archivos de programa\Metrowerks\CodeWarrior HC08_V2.0\lib\HC08c\src;*D:\Archivos de programa\Metrowerks\CodeWarrior HC08_V2.0\Bin\Plugins\support\ProcessorExpert;*Z:\vph1\portatil;D:\Archivos de programa\Metrowerks\CodeWarrior HC08_V2.0\lib\HC08c\INCLUDE" -Env"LIBPATH=D:\Archivos de programa\Metrowerks\CodeWarrior HC08_V2.0\lib\HC08c\INCLUDE" -EnvOBJPATH=Z:\vph1\portatil\v1\bin -EnvTEXTPATH=Z:\vph1\portatil\v1\bin -Lasm=%n.lst -ObjN=Z:\vph1\portatil\v1\vph1_Data\P&E_PEDebug_FCS-ICS-ICD\ObjectCode\main.cpp.o -Qvtpfar -WmsgSd1106


No source information available for functions created by the compiler internally
  0000 a600             LDA   @FX828
  0002 ae00             LDX   @FX828:MSB
  0004 cc0000           JMP   CONSTRUCTOR

Function: __DestructorInit__
Source  : Z:\vph1\portatil\v1\Code\main.cpp
Options : -Cc -Env"GENPATH=Z:\vph1\portatil\v1;Z:\vph1\portatil\v1\bin;Z:\vph1\portatil\v1\cmd;*Z:\vph1\portatil\v1\Code;Z:\vph1\portatil\v1\prm;D:\Archivos de programa\Metrowerks\CodeWarrior HC08_V2.0\lib\HC08c\LIB;D:\Archivos de programa\Metrowerks\CodeWarrior HC08_V2.0\lib\HC08c\src;*D:\Archivos de programa\Metrowerks\CodeWarrior HC08_V2.0\Bin\Plugins\support\ProcessorExpert;*Z:\vph1\portatil;D:\Archivos de programa\Metrowerks\CodeWarrior HC08_V2.0\lib\HC08c\INCLUDE" -Env"LIBPATH=D:\Archivos de programa\Metrowerks\CodeWarrior HC08_V2.0\lib\HC08c\INCLUDE" -EnvOBJPATH=Z:\vph1\portatil\v1\bin -EnvTEXTPATH=Z:\vph1\portatil\v1\bin -Lasm=%n.lst -ObjN=Z:\vph1\portatil\v1\vph1_Data\P&E_PEDebug_FCS-ICS-ICD\ObjectCode\main.cpp.o -Qvtpfar -WmsgSd1106


No source information available for functions created by the compiler internally
  0000 a600             LDA   @FX828
  0002 ae00             LDX   @FX828:MSB
  0004 cc0000           JMP   DESTRUCTOR
  234:  
  235:  /* END vph1 */
  236:  /*
  237:  ** ###################################################################
  238:  **
  239:  **     This file was created by UNIS Processor Expert 02.89 for 
  240:  **     the Motorola HC08 series of microcontrollers.
  241:  **
  242:  ** ###################################################################
  243:  */
  244:  
