ANSI-C/cC++ Compiler for HC08 V-5.0.17, Apr 22 2003

    1:  /*
    2:  ** ###################################################################
    3:  **
    4:  **     Filename  : Events.C
    5:  **
    6:  **     Project   : vph1
    7:  ** 
    8:  **     Processor : MC68HC908GP32CFB
    9:  **
   10:  **     Beantype  : Events
   11:  **
   12:  **     Version   : Driver 01.00
   13:  **
   14:  **     Compiler  : Metrowerks HC08 C Compiler V-5.0.13
   15:  **
   16:  **     Date/Time : 4/17/jueves, 15:23
   17:  **
   18:  **     Abstract  :
   19:  **
   20:  **         This is user's event module.
   21:  **         Put your event handler code here.
   22:  **
   23:  **     Settings  :
   24:  **
   25:  **
   26:  **     Contents  :
   27:  **
   28:  **         Cpu_OnSwINT - void Cpu_OnSwINT(void);
   29:  **
   30:  **
   31:  **     (c) Copyright UNIS, spol. s r.o. 1997-2002
   32:  **
   33:  **     UNIS, spol. s r.o.
   34:  **     Jundrovska 33
   35:  **     624 00 Brno
   36:  **     Czech Republic
   37:  **
   38:  **     http      : www.processorexpert.com
   39:  **     mail      : info@processorexpert.com
   40:  **
   41:  ** ###################################################################
   42:  */
   43:  /* MODULE Events */
   44:  
   45:  #pragma MESSAGE DISABLE C1420 /* WARNING C1420: Result of function-call is ignored */
   46:  
   47:  /*Including used modules for compilling procedure*/
   48:  #include "Cpu.h"
   49:  #include "Events.h"
   50:  #include "TIMER.h"
   51:  #include "Terminal.h"
   52:  #include "IRQ.h"
   53:  
   54:  /*Include shared modules, which are used for whole project*/
   55:  #include "PE_Types.h"
   56:  #include "PE_Error.h"
   57:  #include "PE_Const.h"
   58:  #include "IO_Map.h"
   59:  #include "FX828.h"
   60:  #include "maincpp.h"
   61:  
   62:  unsigned char even_timer;
   63:  unsigned long  even_timeout;
   64:  
   65:  /*
   66:  ** ===================================================================
   67:  **     Event       :  Cpu_OnSwINT (module Events)
   68:  **
   69:  **     From bean   :  Cpu [MC68HC908GP32_44]
   70:  **     Description :
   71:  **         This software event is called after software reset.
   72:  **     Parameters  : None
   73:  **     Returns     : Nothing
   74:  ** ===================================================================
   75:  */
   76:  void Cpu_OnSwINT(void)
   77:  {

Function: Cpu_OnSwINT
Source  : Z:\vph1\2puertas\CON-PTT\Calle\Code\Events.C
Options : -Cc -Env"GENPATH=Z:\vph1\2puertas\CON-PTT\Calle;Z:\vph1\2puertas\CON-PTT\Calle\bin;Z:\vph1\2puertas\CON-PTT\Calle\cmd;*Z:\vph1\2puertas\CON-PTT\Calle\Code;Z:\vph1\2puertas\CON-PTT\Calle\prm;D:\Archivos de programa\Metrowerks\CodeWarrior CW08_V3.0\lib\HC08c\LIB;D:\Archivos de programa\Metrowerks\CodeWarrior CW08_V3.0\lib\HC08c\src;*D:\Archivos de programa\Metrowerks\CodeWarrior CW08_V3.0\Bin\Plugins\support\ProcessorExpert;*Z:\vph1\2puertas\CON-PTT\Comun;*Z:\vph1\2puertas\CON-PTT;D:\Archivos de programa\Metrowerks\CodeWarrior CW08_V3.0\lib\HC08c\INCLUDE" -Env"LIBPATH=D:\Archivos de programa\Metrowerks\CodeWarrior CW08_V3.0\lib\HC08c\INCLUDE" -EnvOBJPATH=Z:\vph1\2puertas\CON-PTT\Calle\bin -EnvTEXTPATH=Z:\vph1\2puertas\CON-PTT\Calle\bin -Lasm=%n.lst -ObjN=Z:\vph1\2puertas\CON-PTT\Calle\vph1_Data\P&E_PEDebug_FCS-ICS-ICD\ObjectCode\Events.C.o -WmsgSd1106 -WmsgSd1420

   78:    /* Write your code here ... */
   79:  }
  0000 81               RTS   
   80:  
   81:  /*
   82:  ** ===================================================================
   83:  **     Event       :  IRQ_OnInterrupt (module Events)
   84:  **
   85:  **     From bean   :  IRQ [ExtInt]
   86:  **     Description :
   87:  **         This event is called when the active signal edge/level
   88:  **         occurs.
   89:  **     Parameters  : None
   90:  **     Returns     : Nothing
   91:  ** ===================================================================
   92:  */
   93:  void IRQ_OnInterrupt(void)
   94:  {

Function: IRQ_OnInterrupt
Source  : Z:\vph1\2puertas\CON-PTT\Calle\Code\Events.C
Options : -Cc -Env"GENPATH=Z:\vph1\2puertas\CON-PTT\Calle;Z:\vph1\2puertas\CON-PTT\Calle\bin;Z:\vph1\2puertas\CON-PTT\Calle\cmd;*Z:\vph1\2puertas\CON-PTT\Calle\Code;Z:\vph1\2puertas\CON-PTT\Calle\prm;D:\Archivos de programa\Metrowerks\CodeWarrior CW08_V3.0\lib\HC08c\LIB;D:\Archivos de programa\Metrowerks\CodeWarrior CW08_V3.0\lib\HC08c\src;*D:\Archivos de programa\Metrowerks\CodeWarrior CW08_V3.0\Bin\Plugins\support\ProcessorExpert;*Z:\vph1\2puertas\CON-PTT\Comun;*Z:\vph1\2puertas\CON-PTT;D:\Archivos de programa\Metrowerks\CodeWarrior CW08_V3.0\lib\HC08c\INCLUDE" -Env"LIBPATH=D:\Archivos de programa\Metrowerks\CodeWarrior CW08_V3.0\lib\HC08c\INCLUDE" -EnvOBJPATH=Z:\vph1\2puertas\CON-PTT\Calle\bin -EnvTEXTPATH=Z:\vph1\2puertas\CON-PTT\Calle\bin -Lasm=%n.lst -ObjN=Z:\vph1\2puertas\CON-PTT\Calle\vph1_Data\P&E_PEDebug_FCS-ICS-ICD\ObjectCode\Events.C.o -WmsgSd1106 -WmsgSd1420

   95:  	MainIRQ();
  0000 cc0000           JMP   MainIRQ
   96:  }
   97:  
   98:  
   99:  /*
  100:  ** ===================================================================
  101:  **     Event       :  TIMER_OnInterrupt (module Events)
  102:  **
  103:  **     From bean   :  TIMER [TimerInt]
  104:  **     Description :
  105:  **         When a timer interrupt occurs this event is called (only
  106:  **         when the bean is enabled - "Enable" and the events are
  107:  **         enabled - "EnableEvent").
  108:  **     Parameters  : None
  109:  **     Returns     : Nothing
  110:  ** ===================================================================
  111:  */
  112:  void TIMER_OnInterrupt(void)
  113:  {

Function: TIMER_OnInterrupt
Source  : Z:\vph1\2puertas\CON-PTT\Calle\Code\Events.C
Options : -Cc -Env"GENPATH=Z:\vph1\2puertas\CON-PTT\Calle;Z:\vph1\2puertas\CON-PTT\Calle\bin;Z:\vph1\2puertas\CON-PTT\Calle\cmd;*Z:\vph1\2puertas\CON-PTT\Calle\Code;Z:\vph1\2puertas\CON-PTT\Calle\prm;D:\Archivos de programa\Metrowerks\CodeWarrior CW08_V3.0\lib\HC08c\LIB;D:\Archivos de programa\Metrowerks\CodeWarrior CW08_V3.0\lib\HC08c\src;*D:\Archivos de programa\Metrowerks\CodeWarrior CW08_V3.0\Bin\Plugins\support\ProcessorExpert;*Z:\vph1\2puertas\CON-PTT\Comun;*Z:\vph1\2puertas\CON-PTT;D:\Archivos de programa\Metrowerks\CodeWarrior CW08_V3.0\lib\HC08c\INCLUDE" -Env"LIBPATH=D:\Archivos de programa\Metrowerks\CodeWarrior CW08_V3.0\lib\HC08c\INCLUDE" -EnvOBJPATH=Z:\vph1\2puertas\CON-PTT\Calle\bin -EnvTEXTPATH=Z:\vph1\2puertas\CON-PTT\Calle\bin -Lasm=%n.lst -ObjN=Z:\vph1\2puertas\CON-PTT\Calle\vph1_Data\P&E_PEDebug_FCS-ICS-ICD\ObjectCode\Events.C.o -WmsgSd1106 -WmsgSd1420

  114:  	even_timer = TRUE;
  0000 a601             LDA   #1
  0002 c70000           STA   even_timer
  115:  	even_timeout --;
  0005 450000           LDHX  @even_timeout
  0008 cd0000           JSR   _LDEC
  000b cd0000           JSR   _POP32
  116:  }
  000e 81               RTS   
  117:  
  118:  
  119:  /*
  120:  ** ===================================================================
  121:  **     Event       :  SPI_OnRxChar (module Events)
  122:  **
  123:  **     From bean   :  SPI [SynchroMaster]
  124:  **     Description :
  125:  **         This event is called after a correct character is
  126:  **         received.
  127:  **     Parameters  : None
  128:  **     Returns     : Nothing
  129:  ** ===================================================================
  130:  */
  131:  void SPI_OnRxChar(void)
  132:  {

Function: SPI_OnRxChar
Source  : Z:\vph1\2puertas\CON-PTT\Calle\Code\Events.C
Options : -Cc -Env"GENPATH=Z:\vph1\2puertas\CON-PTT\Calle;Z:\vph1\2puertas\CON-PTT\Calle\bin;Z:\vph1\2puertas\CON-PTT\Calle\cmd;*Z:\vph1\2puertas\CON-PTT\Calle\Code;Z:\vph1\2puertas\CON-PTT\Calle\prm;D:\Archivos de programa\Metrowerks\CodeWarrior CW08_V3.0\lib\HC08c\LIB;D:\Archivos de programa\Metrowerks\CodeWarrior CW08_V3.0\lib\HC08c\src;*D:\Archivos de programa\Metrowerks\CodeWarrior CW08_V3.0\Bin\Plugins\support\ProcessorExpert;*Z:\vph1\2puertas\CON-PTT\Comun;*Z:\vph1\2puertas\CON-PTT;D:\Archivos de programa\Metrowerks\CodeWarrior CW08_V3.0\lib\HC08c\INCLUDE" -Env"LIBPATH=D:\Archivos de programa\Metrowerks\CodeWarrior CW08_V3.0\lib\HC08c\INCLUDE" -EnvOBJPATH=Z:\vph1\2puertas\CON-PTT\Calle\bin -EnvTEXTPATH=Z:\vph1\2puertas\CON-PTT\Calle\bin -Lasm=%n.lst -ObjN=Z:\vph1\2puertas\CON-PTT\Calle\vph1_Data\P&E_PEDebug_FCS-ICS-ICD\ObjectCode\Events.C.o -WmsgSd1106 -WmsgSd1420

  133:    /* Write your code here ... */
  134:  }
  0000 81               RTS   
  135:  
  136:  /*
  137:  ** ===================================================================
  138:  **     Event       :  SPI_OnTxChar (module Events)
  139:  **
  140:  **     From bean   :  SPI [SynchroMaster]
  141:  **     Description :
  142:  **         This event is called after a character is transmitted.
  143:  **     Parameters  : None
  144:  **     Returns     : Nothing
  145:  ** ===================================================================
  146:  */
  147:  void SPI_OnTxChar(void)
  148:  {

Function: SPI_OnTxChar
Source  : Z:\vph1\2puertas\CON-PTT\Calle\Code\Events.C
Options : -Cc -Env"GENPATH=Z:\vph1\2puertas\CON-PTT\Calle;Z:\vph1\2puertas\CON-PTT\Calle\bin;Z:\vph1\2puertas\CON-PTT\Calle\cmd;*Z:\vph1\2puertas\CON-PTT\Calle\Code;Z:\vph1\2puertas\CON-PTT\Calle\prm;D:\Archivos de programa\Metrowerks\CodeWarrior CW08_V3.0\lib\HC08c\LIB;D:\Archivos de programa\Metrowerks\CodeWarrior CW08_V3.0\lib\HC08c\src;*D:\Archivos de programa\Metrowerks\CodeWarrior CW08_V3.0\Bin\Plugins\support\ProcessorExpert;*Z:\vph1\2puertas\CON-PTT\Comun;*Z:\vph1\2puertas\CON-PTT;D:\Archivos de programa\Metrowerks\CodeWarrior CW08_V3.0\lib\HC08c\INCLUDE" -Env"LIBPATH=D:\Archivos de programa\Metrowerks\CodeWarrior CW08_V3.0\lib\HC08c\INCLUDE" -EnvOBJPATH=Z:\vph1\2puertas\CON-PTT\Calle\bin -EnvTEXTPATH=Z:\vph1\2puertas\CON-PTT\Calle\bin -Lasm=%n.lst -ObjN=Z:\vph1\2puertas\CON-PTT\Calle\vph1_Data\P&E_PEDebug_FCS-ICS-ICD\ObjectCode\Events.C.o -WmsgSd1106 -WmsgSd1420

  149:    /* Write your code here ... */
  150:  }
  0000 81               RTS   
  151:  
  152:  /*
  153:  ** ===================================================================
  154:  **     Event       :  SPI_OnError (module Events)
  155:  **
  156:  **     From bean   :  SPI [SynchroMaster]
  157:  **     Description :
  158:  **         This event is called when a channel error (not the error
  159:  **         returned by a given method) occurs. The errors can be
  160:  **         read using GetError method.
  161:  **     Parameters  : None
  162:  **     Returns     : Nothing
  163:  ** ===================================================================
  164:  */
  165:  void SPI_OnError(void)
  166:  {

Function: SPI_OnError
Source  : Z:\vph1\2puertas\CON-PTT\Calle\Code\Events.C
Options : -Cc -Env"GENPATH=Z:\vph1\2puertas\CON-PTT\Calle;Z:\vph1\2puertas\CON-PTT\Calle\bin;Z:\vph1\2puertas\CON-PTT\Calle\cmd;*Z:\vph1\2puertas\CON-PTT\Calle\Code;Z:\vph1\2puertas\CON-PTT\Calle\prm;D:\Archivos de programa\Metrowerks\CodeWarrior CW08_V3.0\lib\HC08c\LIB;D:\Archivos de programa\Metrowerks\CodeWarrior CW08_V3.0\lib\HC08c\src;*D:\Archivos de programa\Metrowerks\CodeWarrior CW08_V3.0\Bin\Plugins\support\ProcessorExpert;*Z:\vph1\2puertas\CON-PTT\Comun;*Z:\vph1\2puertas\CON-PTT;D:\Archivos de programa\Metrowerks\CodeWarrior CW08_V3.0\lib\HC08c\INCLUDE" -Env"LIBPATH=D:\Archivos de programa\Metrowerks\CodeWarrior CW08_V3.0\lib\HC08c\INCLUDE" -EnvOBJPATH=Z:\vph1\2puertas\CON-PTT\Calle\bin -EnvTEXTPATH=Z:\vph1\2puertas\CON-PTT\Calle\bin -Lasm=%n.lst -ObjN=Z:\vph1\2puertas\CON-PTT\Calle\vph1_Data\P&E_PEDebug_FCS-ICS-ICD\ObjectCode\Events.C.o -WmsgSd1106 -WmsgSd1420

  167:    /* Write your code here ... */
  168:  }
  0000 81               RTS   
  169:  
  170:  /* END Events */
  171:  
  172:  /*
  173:  ** ###################################################################
  174:  **
  175:  **     This file was created by UNIS Processor Expert 02.89 for 
  176:  **     the Motorola HC08 series of microcontrollers.
  177:  **
  178:  ** ###################################################################
  179:  */
  180:  
